[[ MMPM MAKE ACTION ]] Removing MMPM CLI
[[ MMPM MAKE CMD ]] pip3 uninstall mmpm -v -y
Found existing installation: mmpm 1.25
Uninstalling mmpm-1.25:
  Created temporary directory: /tmp/pip-uninstall-0m7t7e68
  Removing file or directory /home/bpm/.local/bin/mmpm
  Created temporary directory: /home/bpm/.local/lib/python3.8/site-packages/~mpm-1.25.dist-info
  Removing file or directory /home/bpm/.local/lib/python3.8/site-packages/mmpm-1.25.dist-info/
  Created temporary directory: /home/bpm/.local/lib/python3.8/site-packages/~mpm
  Removing file or directory /home/bpm/.local/lib/python3.8/site-packages/mmpm/
  Successfully uninstalled mmpm-1.25
[[ MMPM MAKE CMD ]] rm -rvf ~/.config/mmpm
removed '/home/bpm/.config/mmpm/configs/mmpm.conf'
removed '/home/bpm/.config/mmpm/configs/mmpm.service'
removed '/home/bpm/.config/mmpm/configs/__pycache__/gunicorn.conf.cpython-38.pyc'
removed directory '/home/bpm/.config/mmpm/configs/__pycache__'
removed '/home/bpm/.config/mmpm/configs/gunicorn.conf.py'
removed '/home/bpm/.config/mmpm/configs/mmpm-webssh.service'
removed directory '/home/bpm/.config/mmpm/configs'
removed '/home/bpm/.config/mmpm/log/mmpm-gunicorn-access.log'
removed '/home/bpm/.config/mmpm/log/mmpm-cli-interface.log'
removed '/home/bpm/.config/mmpm/log/mmpm-gunicorn-error.log'
removed directory '/home/bpm/.config/mmpm/log'
removed '/home/bpm/.config/mmpm/MagicMirror-modules-snapshot.json'
removed directory '/home/bpm/.config/mmpm'
[[ MMPM MAKE CMD ]] sudo rm -rf /usr/local/lib/mmpm
[[ MMPM MAKE CMD ]] cd lib; make uninstall; cd -
make[1]: Entering directory '/home/bpm/Development/github/mmpm/lib'
sudo rm -rf /usr/local/lib/mmpm
make[1]: Leaving directory '/home/bpm/Development/github/mmpm/lib'
/home/bpm/Development/github/mmpm
[[ MMPM MAKE ACTION ]] MMPM CLI Removed
[[ MMPM MAKE ACTION ]] Removing MMPM Daemons
[[ MMPM MAKE CMD ]] sudo systemctl stop mmpm.service
[[ MMPM MAKE CMD ]] sudo systemctl disable mmpm.service
[[ MMPM MAKE CMD ]] sudo systemctl stop mmpm-webssh.service
[[ MMPM MAKE CMD ]] sudo systemctl disable mmpm-webssh.service
[[ MMPM MAKE CMD ]] sudo rm -vf /etc/systemd/system/mmpm* /var/log/mmpm*.log
removed '/etc/systemd/system/mmpm.service'
removed '/etc/systemd/system/mmpm-webssh.service'
[[ MMPM MAKE CMD ]] sudo systemctl daemon-reload
[[ MMPM MAKE CMD ]] sudo systemctl reset-failed
[[ MMPM MAKE CMD ]] sudo rm -vf /etc/nginx/sites-available/mmpm.conf
removed '/etc/nginx/sites-available/mmpm.conf'
[[ MMPM MAKE CMD ]] sudo rm -vf /etc/nginx/sites-enabled/mmpm.conf
removed '/etc/nginx/sites-enabled/mmpm.conf'
[[ MMPM MAKE CMD ]] sudo systemctl restart nginx
[[ MMPM MAKE CMD ]] rm -rvf ~/.config/mmpm
[[ MMPM MAKE ACTION ]] MMPM Daemons Removed
[[ MMPM MAKE ACTION ]] Removing MMPM GUI
[[ MMPM MAKE CMD ]] rm -vf ~/.config/mmpm/configs/gunicorn.conf.py
[[ MMPM MAKE CMD ]] sudo rm -rvf /var/www/mmpm
removed '/var/www/mmpm/static/index.html'
removed '/var/www/mmpm/static/runtime-es5.js'
removed '/var/www/mmpm/static/main-es5.js'
removed '/var/www/mmpm/static/assets/monaco/vs/loader.js'
removed '/var/www/mmpm/static/assets/monaco/vs/base/worker/workerMain.js'
removed directory '/var/www/mmpm/static/assets/monaco/vs/base/worker'
removed directory '/var/www/mmpm/static/assets/monaco/vs/base'
removed '/var/www/mmpm/static/assets/monaco/vs/language/typescript/tsWorker.js'
removed '/var/www/mmpm/static/assets/monaco/vs/language/typescript/tsMode.js'
removed directory '/var/www/mmpm/static/assets/monaco/vs/language/typescript'
removed '/var/www/mmpm/static/assets/monaco/vs/language/css/cssWorker.js'
removed '/var/www/mmpm/static/assets/monaco/vs/language/css/cssMode.js'
removed directory '/var/www/mmpm/static/assets/monaco/vs/language/css'
removed '/var/www/mmpm/static/assets/monaco/vs/language/json/jsonWorker.js'
removed '/var/www/mmpm/static/assets/monaco/vs/language/json/jsonMode.js'
removed directory '/var/www/mmpm/static/assets/monaco/vs/language/json'
removed '/var/www/mmpm/static/assets/monaco/vs/language/html/htmlMode.js'
removed '/var/www/mmpm/static/assets/monaco/vs/language/html/htmlWorker.js'
removed directory '/var/www/mmpm/static/assets/monaco/vs/language/html'
removed directory '/var/www/mmpm/static/assets/monaco/vs/language'
removed '/var/www/mmpm/static/assets/monaco/vs/editor/editor.main.nls.es.js'
removed '/var/www/mmpm/static/assets/monaco/vs/editor/editor.main.nls.it.js'
removed '/var/www/mmpm/static/assets/monaco/vs/editor/editor.main.nls.zh-cn.js'
removed '/var/www/mmpm/static/assets/monaco/vs/editor/editor.main.js'
removed '/var/www/mmpm/static/assets/monaco/vs/editor/editor.main.nls.zh-tw.js'
removed '/var/www/mmpm/static/assets/monaco/vs/editor/editor.main.nls.ru.js'
removed '/var/www/mmpm/static/assets/monaco/vs/editor/editor.main.nls.ja.js'
removed '/var/www/mmpm/static/assets/monaco/vs/editor/editor.main.nls.ko.js'
removed '/var/www/mmpm/static/assets/monaco/vs/editor/editor.main.nls.js'
removed '/var/www/mmpm/static/assets/monaco/vs/editor/editor.main.css'
removed '/var/www/mmpm/static/assets/monaco/vs/editor/editor.main.nls.fr.js'
removed '/var/www/mmpm/static/assets/monaco/vs/editor/editor.main.nls.de.js'
removed directory '/var/www/mmpm/static/assets/monaco/vs/editor'
removed '/var/www/mmpm/static/assets/monaco/vs/basic-languages/typescript/typescript.js'
removed directory '/var/www/mmpm/static/assets/monaco/vs/basic-languages/typescript'
removed '/var/www/mmpm/static/assets/monaco/vs/basic-languages/markdown/markdown.js'
removed directory '/var/www/mmpm/static/assets/monaco/vs/basic-languages/markdown'
removed '/var/www/mmpm/static/assets/monaco/vs/basic-languages/clojure/clojure.js'
removed directory '/var/www/mmpm/static/assets/monaco/vs/basic-languages/clojure'
removed '/var/www/mmpm/static/assets/monaco/vs/basic-languages/apex/apex.js'
removed directory '/var/www/mmpm/static/assets/monaco/vs/basic-languages/apex'
removed '/var/www/mmpm/static/assets/monaco/vs/basic-languages/xml/xml.js'
removed directory '/var/www/mmpm/static/assets/monaco/vs/basic-languages/xml'
removed '/var/www/mmpm/static/assets/monaco/vs/basic-languages/perl/perl.js'
removed directory '/var/www/mmpm/static/assets/monaco/vs/basic-languages/perl'
removed '/var/www/mmpm/static/assets/monaco/vs/basic-languages/go/go.js'
removed directory '/var/www/mmpm/static/assets/monaco/vs/basic-languages/go'
removed '/var/www/mmpm/static/assets/monaco/vs/basic-languages/pug/pug.js'
removed directory '/var/www/mmpm/static/assets/monaco/vs/basic-languages/pug'
removed '/var/www/mmpm/static/assets/monaco/vs/basic-languages/abap/abap.js'
removed directory '/var/www/mmpm/static/assets/monaco/vs/basic-languages/abap'
removed '/var/www/mmpm/static/assets/monaco/vs/basic-languages/php/php.js'
removed directory '/var/www/mmpm/static/assets/monaco/vs/basic-languages/php'
removed '/var/www/mmpm/static/assets/monaco/vs/basic-languages/mysql/mysql.js'
removed directory '/var/www/mmpm/static/assets/monaco/vs/basic-languages/mysql'
removed '/var/www/mmpm/static/assets/monaco/vs/basic-languages/powerquery/powerquery.js'
removed directory '/var/www/mmpm/static/assets/monaco/vs/basic-languages/powerquery'
removed '/var/www/mmpm/static/assets/monaco/vs/basic-languages/sb/sb.js'
removed directory '/var/www/mmpm/static/assets/monaco/vs/basic-languages/sb'
removed '/var/www/mmpm/static/assets/monaco/vs/basic-languages/razor/razor.js'
removed directory '/var/www/mmpm/static/assets/monaco/vs/basic-languages/razor'
removed '/var/www/mmpm/static/assets/monaco/vs/basic-languages/java/java.js'
removed directory '/var/www/mmpm/static/assets/monaco/vs/basic-languages/java'
removed '/var/www/mmpm/static/assets/monaco/vs/basic-languages/csharp/csharp.js'
removed directory '/var/www/mmpm/static/assets/monaco/vs/basic-languages/csharp'
removed '/var/www/mmpm/static/assets/monaco/vs/basic-languages/azcli/azcli.js'
removed directory '/var/www/mmpm/static/assets/monaco/vs/basic-languages/azcli'
removed '/var/www/mmpm/static/assets/monaco/vs/basic-languages/kotlin/kotlin.js'
removed directory '/var/www/mmpm/static/assets/monaco/vs/basic-languages/kotlin'
removed '/var/www/mmpm/static/assets/monaco/vs/basic-languages/pascaligo/pascaligo.js'
removed directory '/var/www/mmpm/static/assets/monaco/vs/basic-languages/pascaligo'
removed '/var/www/mmpm/static/assets/monaco/vs/basic-languages/less/less.js'
removed directory '/var/www/mmpm/static/assets/monaco/vs/basic-languages/less'
removed '/var/www/mmpm/static/assets/monaco/vs/basic-languages/powershell/powershell.js'
removed directory '/var/www/mmpm/static/assets/monaco/vs/basic-languages/powershell'
removed '/var/www/mmpm/static/assets/monaco/vs/basic-languages/rust/rust.js'
removed directory '/var/www/mmpm/static/assets/monaco/vs/basic-languages/rust'
removed '/var/www/mmpm/static/assets/monaco/vs/basic-languages/bat/bat.js'
removed directory '/var/www/mmpm/static/assets/monaco/vs/basic-languages/bat'
removed '/var/www/mmpm/static/assets/monaco/vs/basic-languages/postiats/postiats.js'
removed directory '/var/www/mmpm/static/assets/monaco/vs/basic-languages/postiats'
removed '/var/www/mmpm/static/assets/monaco/vs/basic-languages/fsharp/fsharp.js'
removed directory '/var/www/mmpm/static/assets/monaco/vs/basic-languages/fsharp'
removed '/var/www/mmpm/static/assets/monaco/vs/basic-languages/twig/twig.js'
removed directory '/var/www/mmpm/static/assets/monaco/vs/basic-languages/twig'
removed '/var/www/mmpm/static/assets/monaco/vs/basic-languages/csp/csp.js'
removed directory '/var/www/mmpm/static/assets/monaco/vs/basic-languages/csp'
removed '/var/www/mmpm/static/assets/monaco/vs/basic-languages/pascal/pascal.js'
removed directory '/var/www/mmpm/static/assets/monaco/vs/basic-languages/pascal'
removed '/var/www/mmpm/static/assets/monaco/vs/basic-languages/ini/ini.js'
removed directory '/var/www/mmpm/static/assets/monaco/vs/basic-languages/ini'
removed '/var/www/mmpm/static/assets/monaco/vs/basic-languages/msdax/msdax.js'
removed directory '/var/www/mmpm/static/assets/monaco/vs/basic-languages/msdax'
removed '/var/www/mmpm/static/assets/monaco/vs/basic-languages/r/r.js'
removed directory '/var/www/mmpm/static/assets/monaco/vs/basic-languages/r'
removed '/var/www/mmpm/static/assets/monaco/vs/basic-languages/graphql/graphql.js'
removed directory '/var/www/mmpm/static/assets/monaco/vs/basic-languages/graphql'
removed '/var/www/mmpm/static/assets/monaco/vs/basic-languages/objective-c/objective-c.js'
removed directory '/var/www/mmpm/static/assets/monaco/vs/basic-languages/objective-c'
removed '/var/www/mmpm/static/assets/monaco/vs/basic-languages/css/css.js'
removed directory '/var/www/mmpm/static/assets/monaco/vs/basic-languages/css'
removed '/var/www/mmpm/static/assets/monaco/vs/basic-languages/lua/lua.js'
removed directory '/var/www/mmpm/static/assets/monaco/vs/basic-languages/lua'
removed '/var/www/mmpm/static/assets/monaco/vs/basic-languages/shell/shell.js'
removed directory '/var/www/mmpm/static/assets/monaco/vs/basic-languages/shell'
removed '/var/www/mmpm/static/assets/monaco/vs/basic-languages/vb/vb.js'
removed directory '/var/www/mmpm/static/assets/monaco/vs/basic-languages/vb'
removed '/var/www/mmpm/static/assets/monaco/vs/basic-languages/scss/scss.js'
removed directory '/var/www/mmpm/static/assets/monaco/vs/basic-languages/scss'
removed '/var/www/mmpm/static/assets/monaco/vs/basic-languages/ruby/ruby.js'
removed directory '/var/www/mmpm/static/assets/monaco/vs/basic-languages/ruby'
removed '/var/www/mmpm/static/assets/monaco/vs/basic-languages/redis/redis.js'
removed directory '/var/www/mmpm/static/assets/monaco/vs/basic-languages/redis'
removed '/var/www/mmpm/static/assets/monaco/vs/basic-languages/swift/swift.js'
removed directory '/var/www/mmpm/static/assets/monaco/vs/basic-languages/swift'
removed '/var/www/mmpm/static/assets/monaco/vs/basic-languages/coffee/coffee.js'
removed directory '/var/www/mmpm/static/assets/monaco/vs/basic-languages/coffee'
removed '/var/www/mmpm/static/assets/monaco/vs/basic-languages/st/st.js'
removed directory '/var/www/mmpm/static/assets/monaco/vs/basic-languages/st'
removed '/var/www/mmpm/static/assets/monaco/vs/basic-languages/solidity/solidity.js'
removed directory '/var/www/mmpm/static/assets/monaco/vs/basic-languages/solidity'
removed '/var/www/mmpm/static/assets/monaco/vs/basic-languages/dockerfile/dockerfile.js'
removed directory '/var/www/mmpm/static/assets/monaco/vs/basic-languages/dockerfile'
removed '/var/www/mmpm/static/assets/monaco/vs/basic-languages/html/html.js'
removed directory '/var/www/mmpm/static/assets/monaco/vs/basic-languages/html'
removed '/var/www/mmpm/static/assets/monaco/vs/basic-languages/sql/sql.js'
removed directory '/var/www/mmpm/static/assets/monaco/vs/basic-languages/sql'
removed '/var/www/mmpm/static/assets/monaco/vs/basic-languages/python/python.js'
removed directory '/var/www/mmpm/static/assets/monaco/vs/basic-languages/python'
removed '/var/www/mmpm/static/assets/monaco/vs/basic-languages/yaml/yaml.js'
removed directory '/var/www/mmpm/static/assets/monaco/vs/basic-languages/yaml'
removed '/var/www/mmpm/static/assets/monaco/vs/basic-languages/sophia/sophia.js'
removed directory '/var/www/mmpm/static/assets/monaco/vs/basic-languages/sophia'
removed '/var/www/mmpm/static/assets/monaco/vs/basic-languages/pgsql/pgsql.js'
removed directory '/var/www/mmpm/static/assets/monaco/vs/basic-languages/pgsql'
removed '/var/www/mmpm/static/assets/monaco/vs/basic-languages/tcl/tcl.js'
removed directory '/var/www/mmpm/static/assets/monaco/vs/basic-languages/tcl'
removed '/var/www/mmpm/static/assets/monaco/vs/basic-languages/scheme/scheme.js'
removed directory '/var/www/mmpm/static/assets/monaco/vs/basic-languages/scheme'
removed '/var/www/mmpm/static/assets/monaco/vs/basic-languages/redshift/redshift.js'
removed directory '/var/www/mmpm/static/assets/monaco/vs/basic-languages/redshift'
removed '/var/www/mmpm/static/assets/monaco/vs/basic-languages/javascript/javascript.js'
removed directory '/var/www/mmpm/static/assets/monaco/vs/basic-languages/javascript'
removed '/var/www/mmpm/static/assets/monaco/vs/basic-languages/handlebars/handlebars.js'
removed directory '/var/www/mmpm/static/assets/monaco/vs/basic-languages/handlebars'
removed '/var/www/mmpm/static/assets/monaco/vs/basic-languages/cpp/cpp.js'
removed directory '/var/www/mmpm/static/assets/monaco/vs/basic-languages/cpp'
removed directory '/var/www/mmpm/static/assets/monaco/vs/basic-languages'
removed directory '/var/www/mmpm/static/assets/monaco/vs'
removed directory '/var/www/mmpm/static/assets/monaco'
removed directory '/var/www/mmpm/static/assets'
removed '/var/www/mmpm/static/3rdpartylicenses.txt'
removed '/var/www/mmpm/static/favicon.ico'
removed '/var/www/mmpm/static/polyfills-es5.js'
removed '/var/www/mmpm/static/runtime-es2015.js'
removed '/var/www/mmpm/static/main-es2015.js'
removed '/var/www/mmpm/static/polyfills-es2015.js'
removed '/var/www/mmpm/static/styles.css'
removed directory '/var/www/mmpm/static'
removed '/var/www/mmpm/templates/index.html'
removed directory '/var/www/mmpm/templates'
removed directory '/var/www/mmpm'
[[ MMPM MAKE ACTION ]] MMPM GUI Removed
[[ MMPM MAKE ACTION ]] Installing MMPM CLI
[[ MMPM MAKE CMD ]] mkdir -vp ~/.config/mmpm/log ~/.config/mmpm/configs
mkdir: created directory '/home/bpm/.config/mmpm'
mkdir: created directory '/home/bpm/.config/mmpm/log'
mkdir: created directory '/home/bpm/.config/mmpm/configs'
[[ MMPM MAKE CMD ]] cd lib; make install; cd -
make[1]: Entering directory '/home/bpm/Development/github/mmpm/lib'
sudo mkdir -p /usr/local/lib/mmpm
sudo install libmmpm.so /usr/local/lib/mmpm
make[1]: Leaving directory '/home/bpm/Development/github/mmpm/lib'
/home/bpm/Development/github/mmpm
[[ MMPM MAKE CMD ]] pip3 install --user .
Processing /home/bpm/Development/github/mmpm
Requirement already satisfied: setuptools>=45.0.0 in /home/bpm/.local/lib/python3.8/site-packages (from mmpm==1.25) (47.1.1)
Requirement already satisfied: wheel>=0.33.6 in /usr/lib/python3/dist-packages (from mmpm==1.25) (0.34.2)
Requirement already satisfied: argparse>=1.1 in /home/bpm/.local/lib/python3.8/site-packages (from mmpm==1.25) (1.4.0)
Requirement already satisfied: bs4>=0.0.1 in /home/bpm/.local/lib/python3.8/site-packages (from mmpm==1.25) (0.0.1)
Requirement already satisfied: beautifulsoup4>=4.6.0 in /home/bpm/.local/lib/python3.8/site-packages (from mmpm==1.25) (4.9.0)
Requirement already satisfied: colorama>=0.4.3 in /home/bpm/.local/lib/python3.8/site-packages (from mmpm==1.25) (0.4.3)
Requirement already satisfied: flask>=1.1.1 in /home/bpm/.local/lib/python3.8/site-packages (from mmpm==1.25) (1.1.1)
Requirement already satisfied: Flask-Cors>=3.0.8 in /home/bpm/.local/lib/python3.8/site-packages (from mmpm==1.25) (3.0.8)
Requirement already satisfied: gunicorn>=20.0.4 in /home/bpm/.local/lib/python3.8/site-packages (from mmpm==1.25) (20.0.4)
Requirement already satisfied: webssh>=1.5.1 in /home/bpm/.local/lib/python3.8/site-packages (from mmpm==1.25) (1.5.2)
Requirement already satisfied: flask-socketio>=4.2.1 in /home/bpm/.local/lib/python3.8/site-packages (from mmpm==1.25) (4.3.0)
Requirement already satisfied: shelljob==0.5.6 in /home/bpm/.local/lib/python3.8/site-packages (from mmpm==1.25) (0.5.6)
Requirement already satisfied: eventlet>=0.25.1 in /home/bpm/.local/lib/python3.8/site-packages (from mmpm==1.25) (0.25.2)
Requirement already satisfied: argcomplete>=1.11.1 in /home/bpm/.local/lib/python3.8/site-packages (from mmpm==1.25) (1.11.1)
Requirement already satisfied: soupsieve>1.2 in /home/bpm/.local/lib/python3.8/site-packages (from beautifulsoup4>=4.6.0->mmpm==1.25) (2.0)
Requirement already satisfied: Werkzeug>=0.15 in /home/bpm/.local/lib/python3.8/site-packages (from flask>=1.1.1->mmpm==1.25) (1.0.1)
Requirement already satisfied: click>=5.1 in /home/bpm/.local/lib/python3.8/site-packages (from flask>=1.1.1->mmpm==1.25) (7.1.2)
Requirement already satisfied: Jinja2>=2.10.1 in /home/bpm/.local/lib/python3.8/site-packages (from flask>=1.1.1->mmpm==1.25) (2.11.2)
Requirement already satisfied: itsdangerous>=0.24 in /home/bpm/.local/lib/python3.8/site-packages (from flask>=1.1.1->mmpm==1.25) (1.1.0)
Requirement already satisfied: Six in /usr/lib/python3/dist-packages (from Flask-Cors>=3.0.8->mmpm==1.25) (1.14.0)
Requirement already satisfied: tornado>=4.5.0 in /home/bpm/.local/lib/python3.8/site-packages (from webssh>=1.5.1->mmpm==1.25) (6.0.4)
Requirement already satisfied: paramiko>=2.3.1 in /home/bpm/.local/lib/python3.8/site-packages (from webssh>=1.5.1->mmpm==1.25) (2.7.1)
Requirement already satisfied: python-socketio>=4.3.0 in /home/bpm/.local/lib/python3.8/site-packages (from flask-socketio>=4.2.1->mmpm==1.25) (4.5.1)
Requirement already satisfied: monotonic>=1.4 in /home/bpm/.local/lib/python3.8/site-packages (from eventlet>=0.25.1->mmpm==1.25) (1.5)
Requirement already satisfied: greenlet>=0.3 in /home/bpm/.local/lib/python3.8/site-packages (from eventlet>=0.25.1->mmpm==1.25) (0.4.15)
Requirement already satisfied: dnspython>=1.15.0 in /home/bpm/.local/lib/python3.8/site-packages (from eventlet>=0.25.1->mmpm==1.25) (1.16.0)
Requirement already satisfied: MarkupSafe>=0.23 in /home/bpm/.local/lib/python3.8/site-packages (from Jinja2>=2.10.1->flask>=1.1.1->mmpm==1.25) (1.1.1)
Requirement already satisfied: pynacl>=1.0.1 in /usr/lib/python3/dist-packages (from paramiko>=2.3.1->webssh>=1.5.1->mmpm==1.25) (1.3.0)
Requirement already satisfied: bcrypt>=3.1.3 in /home/bpm/.local/lib/python3.8/site-packages (from paramiko>=2.3.1->webssh>=1.5.1->mmpm==1.25) (3.1.7)
Requirement already satisfied: cryptography>=2.5 in /usr/lib/python3/dist-packages (from paramiko>=2.3.1->webssh>=1.5.1->mmpm==1.25) (2.8)
Requirement already satisfied: python-engineio>=3.9.0 in /home/bpm/.local/lib/python3.8/site-packages (from python-socketio>=4.3.0->flask-socketio>=4.2.1->mmpm==1.25) (3.12.1)
Requirement already satisfied: cffi>=1.1 in /home/bpm/.local/lib/python3.8/site-packages (from bcrypt>=3.1.3->paramiko>=2.3.1->webssh>=1.5.1->mmpm==1.25) (1.14.0)
Requirement already satisfied: pycparser in /home/bpm/.local/lib/python3.8/site-packages (from cffi>=1.1->bcrypt>=3.1.3->paramiko>=2.3.1->webssh>=1.5.1->mmpm==1.25) (2.20)
Building wheels for collected packages: mmpm
  Building wheel for mmpm (setup.py): started
  Building wheel for mmpm (setup.py): finished with status 'done'
  Created wheel for mmpm: filename=mmpm-1.25-py3-none-any.whl size=28813 sha256=175b83e09cccf9885bafd5b6a1e89f4465baedcb8bb365788c251b357397635d
  Stored in directory: /tmp/pip-ephem-wheel-cache-vn3gz5yo/wheels/5f/8d/9d/30c458624d011030bf483952fa228089d9a42f10441a1ba2b6
Successfully built mmpm
Installing collected packages: mmpm
Successfully installed mmpm-1.25
[[ MMPM MAKE CMD ]] /home/bpm/.local/bin/mmpm db --refresh
[+] Refreshing MagicMirror modules snapshot ... ✓
[[ MMPM MAKE ACTION ]] MMPM CLI Installed
[[ MMPM MAKE ACTION ]] Gathering MMPM GUI Static Files
[[ MMPM MAKE CMD ]] wget --verbose https://github.com/Bee-Mar/mmpm/releases/download/1.13/mmpm-gui-1.13.tar.gz
[[ MMPM MAKE ACTION ]] MMPM GUI Static Files Retrieved
[[ MMPM MAKE ACTION ]] Installing MMPM GUI Static Files
[[ MMPM MAKE CMD ]] sudo rm -rfv /var/www/mmpm/static
[[ MMPM MAKE CMD ]] sudo mkdir -vp /var/www/mmpm/{static,templates}
mkdir: created directory '/var/www/mmpm'
mkdir: created directory '/var/www/mmpm/static'
mkdir: created directory '/var/www/mmpm/templates'
[[ MMPM MAKE CMD ]] sudo tar xvf mmpm-gui-1.13.tar.gz -C /var/www/mmpm
static/
static/polyfills-es2015.js
static/main-es5.js
static/polyfills-es5.js
static/styles.css
static/index.html
static/runtime-es5.js
static/runtime-es2015.js
static/assets/
static/assets/monaco/
static/assets/monaco/vs/
static/assets/monaco/vs/base/
static/assets/monaco/vs/base/worker/
static/assets/monaco/vs/base/worker/workerMain.js
static/assets/monaco/vs/loader.js
static/assets/monaco/vs/language/
static/assets/monaco/vs/language/html/
static/assets/monaco/vs/language/html/htmlMode.js
static/assets/monaco/vs/language/html/htmlWorker.js
static/assets/monaco/vs/language/typescript/
static/assets/monaco/vs/language/typescript/tsMode.js
static/assets/monaco/vs/language/typescript/tsWorker.js
static/assets/monaco/vs/language/css/
static/assets/monaco/vs/language/css/cssWorker.js
static/assets/monaco/vs/language/css/cssMode.js
static/assets/monaco/vs/language/json/
static/assets/monaco/vs/language/json/jsonWorker.js
static/assets/monaco/vs/language/json/jsonMode.js
static/assets/monaco/vs/editor/
static/assets/monaco/vs/editor/editor.main.nls.ko.js
static/assets/monaco/vs/editor/editor.main.js
static/assets/monaco/vs/editor/editor.main.nls.it.js
static/assets/monaco/vs/editor/editor.main.nls.fr.js
static/assets/monaco/vs/editor/editor.main.nls.ja.js
static/assets/monaco/vs/editor/editor.main.nls.zh-cn.js
static/assets/monaco/vs/editor/editor.main.nls.ru.js
static/assets/monaco/vs/editor/editor.main.nls.js
static/assets/monaco/vs/editor/editor.main.nls.es.js
static/assets/monaco/vs/editor/editor.main.nls.zh-tw.js
static/assets/monaco/vs/editor/editor.main.css
static/assets/monaco/vs/editor/editor.main.nls.de.js
static/assets/monaco/vs/basic-languages/
static/assets/monaco/vs/basic-languages/ini/
static/assets/monaco/vs/basic-languages/ini/ini.js
static/assets/monaco/vs/basic-languages/java/
static/assets/monaco/vs/basic-languages/java/java.js
static/assets/monaco/vs/basic-languages/powershell/
static/assets/monaco/vs/basic-languages/powershell/powershell.js
static/assets/monaco/vs/basic-languages/graphql/
static/assets/monaco/vs/basic-languages/graphql/graphql.js
static/assets/monaco/vs/basic-languages/javascript/
static/assets/monaco/vs/basic-languages/javascript/javascript.js
static/assets/monaco/vs/basic-languages/st/
static/assets/monaco/vs/basic-languages/st/st.js
static/assets/monaco/vs/basic-languages/shell/
static/assets/monaco/vs/basic-languages/shell/shell.js
static/assets/monaco/vs/basic-languages/perl/
static/assets/monaco/vs/basic-languages/perl/perl.js
static/assets/monaco/vs/basic-languages/fsharp/
static/assets/monaco/vs/basic-languages/fsharp/fsharp.js
static/assets/monaco/vs/basic-languages/kotlin/
static/assets/monaco/vs/basic-languages/kotlin/kotlin.js
static/assets/monaco/vs/basic-languages/html/
static/assets/monaco/vs/basic-languages/html/html.js
static/assets/monaco/vs/basic-languages/go/
static/assets/monaco/vs/basic-languages/go/go.js
static/assets/monaco/vs/basic-languages/typescript/
static/assets/monaco/vs/basic-languages/typescript/typescript.js
static/assets/monaco/vs/basic-languages/lua/
static/assets/monaco/vs/basic-languages/lua/lua.js
static/assets/monaco/vs/basic-languages/scheme/
static/assets/monaco/vs/basic-languages/scheme/scheme.js
static/assets/monaco/vs/basic-languages/msdax/
static/assets/monaco/vs/basic-languages/msdax/msdax.js
static/assets/monaco/vs/basic-languages/sql/
static/assets/monaco/vs/basic-languages/sql/sql.js
static/assets/monaco/vs/basic-languages/handlebars/
static/assets/monaco/vs/basic-languages/handlebars/handlebars.js
static/assets/monaco/vs/basic-languages/abap/
static/assets/monaco/vs/basic-languages/abap/abap.js
static/assets/monaco/vs/basic-languages/css/
static/assets/monaco/vs/basic-languages/css/css.js
static/assets/monaco/vs/basic-languages/coffee/
static/assets/monaco/vs/basic-languages/coffee/coffee.js
static/assets/monaco/vs/basic-languages/objective-c/
static/assets/monaco/vs/basic-languages/objective-c/objective-c.js
static/assets/monaco/vs/basic-languages/bat/
static/assets/monaco/vs/basic-languages/bat/bat.js
static/assets/monaco/vs/basic-languages/sophia/
static/assets/monaco/vs/basic-languages/sophia/sophia.js
static/assets/monaco/vs/basic-languages/ruby/
static/assets/monaco/vs/basic-languages/ruby/ruby.js
static/assets/monaco/vs/basic-languages/razor/
static/assets/monaco/vs/basic-languages/razor/razor.js
static/assets/monaco/vs/basic-languages/swift/
static/assets/monaco/vs/basic-languages/swift/swift.js
static/assets/monaco/vs/basic-languages/postiats/
static/assets/monaco/vs/basic-languages/postiats/postiats.js
static/assets/monaco/vs/basic-languages/dockerfile/
static/assets/monaco/vs/basic-languages/dockerfile/dockerfile.js
static/assets/monaco/vs/basic-languages/r/
static/assets/monaco/vs/basic-languages/r/r.js
static/assets/monaco/vs/basic-languages/sb/
static/assets/monaco/vs/basic-languages/sb/sb.js
static/assets/monaco/vs/basic-languages/less/
static/assets/monaco/vs/basic-languages/less/less.js
static/assets/monaco/vs/basic-languages/markdown/
static/assets/monaco/vs/basic-languages/markdown/markdown.js
static/assets/monaco/vs/basic-languages/yaml/
static/assets/monaco/vs/basic-languages/yaml/yaml.js
static/assets/monaco/vs/basic-languages/redshift/
static/assets/monaco/vs/basic-languages/redshift/redshift.js
static/assets/monaco/vs/basic-languages/xml/
static/assets/monaco/vs/basic-languages/xml/xml.js
static/assets/monaco/vs/basic-languages/apex/
static/assets/monaco/vs/basic-languages/apex/apex.js
static/assets/monaco/vs/basic-languages/csp/
static/assets/monaco/vs/basic-languages/csp/csp.js
static/assets/monaco/vs/basic-languages/python/
static/assets/monaco/vs/basic-languages/python/python.js
static/assets/monaco/vs/basic-languages/vb/
static/assets/monaco/vs/basic-languages/vb/vb.js
static/assets/monaco/vs/basic-languages/cpp/
static/assets/monaco/vs/basic-languages/cpp/cpp.js
static/assets/monaco/vs/basic-languages/azcli/
static/assets/monaco/vs/basic-languages/azcli/azcli.js
static/assets/monaco/vs/basic-languages/pascal/
static/assets/monaco/vs/basic-languages/pascal/pascal.js
static/assets/monaco/vs/basic-languages/pug/
static/assets/monaco/vs/basic-languages/pug/pug.js
static/assets/monaco/vs/basic-languages/twig/
static/assets/monaco/vs/basic-languages/twig/twig.js
static/assets/monaco/vs/basic-languages/powerquery/
static/assets/monaco/vs/basic-languages/powerquery/powerquery.js
static/assets/monaco/vs/basic-languages/clojure/
static/assets/monaco/vs/basic-languages/clojure/clojure.js
static/assets/monaco/vs/basic-languages/tcl/
static/assets/monaco/vs/basic-languages/tcl/tcl.js
static/assets/monaco/vs/basic-languages/mysql/
static/assets/monaco/vs/basic-languages/mysql/mysql.js
static/assets/monaco/vs/basic-languages/pascaligo/
static/assets/monaco/vs/basic-languages/pascaligo/pascaligo.js
static/assets/monaco/vs/basic-languages/php/
static/assets/monaco/vs/basic-languages/php/php.js
static/assets/monaco/vs/basic-languages/csharp/
static/assets/monaco/vs/basic-languages/csharp/csharp.js
static/assets/monaco/vs/basic-languages/rust/
static/assets/monaco/vs/basic-languages/rust/rust.js
static/assets/monaco/vs/basic-languages/solidity/
static/assets/monaco/vs/basic-languages/solidity/solidity.js
static/assets/monaco/vs/basic-languages/pgsql/
static/assets/monaco/vs/basic-languages/pgsql/pgsql.js
static/assets/monaco/vs/basic-languages/scss/
static/assets/monaco/vs/basic-languages/scss/scss.js
static/assets/monaco/vs/basic-languages/redis/
static/assets/monaco/vs/basic-languages/redis/redis.js
static/main-es2015.js
static/favicon.ico
static/3rdpartylicenses.txt
[[ MMPM MAKE CMD ]] sudo cp -v /var/www/mmpm/static/index.html /var/www/mmpm/templates/
'/var/www/mmpm/static/index.html' -> '/var/www/mmpm/templates/index.html'
[[ MMPM MAKE CMD ]] rm -vf mmpm-gui-1.13.tar.gz
removed 'mmpm-gui-1.13.tar.gz'
[[ MMPM MAKE ACTION ]] Installed MMPM GUI Static Files
[[ MMPM MAKE ACTION ]] Installing MMPM Daemons
[[ MMPM MAKE CMD ]] mkdir -vp ~/.config/mmpm/log ~/.config/mmpm/configs
[[ MMPM MAKE CMD ]] rm -vf configs/*service
removed 'configs/mmpm.service'
removed 'configs/mmpm-webssh.service'
[[ MMPM MAKE CMD ]] sudo cp -v configs/*.service /etc/systemd/system/
'configs/mmpm.service' -> '/etc/systemd/system/mmpm.service'
'configs/mmpm-webssh.service' -> '/etc/systemd/system/mmpm-webssh.service'
[[ MMPM MAKE CMD ]] cp -v configs/gunicorn.conf.py ~/.config/mmpm/configs
'configs/gunicorn.conf.py' -> '/home/bpm/.config/mmpm/configs/gunicorn.conf.py'
[[ MMPM MAKE CMD ]] cp -v configs/*conf ~/.config/mmpm/configs
'configs/mmpm.conf' -> '/home/bpm/.config/mmpm/configs/mmpm.conf'
[[ MMPM MAKE CMD ]] cp -v configs/*service ~/.config/mmpm/configs
'configs/mmpm.service' -> '/home/bpm/.config/mmpm/configs/mmpm.service'
'configs/mmpm-webssh.service' -> '/home/bpm/.config/mmpm/configs/mmpm-webssh.service'
[[ MMPM MAKE CMD ]] touch ~/.config/mmpm/log/mmpm-gunicorn-error.log /home/bpm/.config/mmpm/log/mmpm-gunicorn-access.log
[[ MMPM MAKE CMD ]] sudo systemctl enable mmpm
[[ MMPM MAKE CMD ]] sudo systemctl start mmpm
[[ MMPM MAKE CMD ]] sudo systemctl enable mmpm-webssh
[[ MMPM MAKE CMD ]] sudo systemctl start mmpm-webssh
[[ MMPM MAKE CMD ]] sudo systemctl status mmpm --no-pager
● mmpm.service - MMPM Gunicorn daemon
     Loaded: loaded (/etc/systemd/system/mmpm.service; enabled; vendor preset: enabled)
     Active: active (running) since Sun 2020-06-07 18:14:49 EDT; 547ms ago
   Main PID: 20929 (gunicorn)
     Status: "Gunicorn arbiter booted"
      Tasks: 2 (limit: 47899)
     Memory: 56.3M
     CGroup: /system.slice/mmpm.service
             ├─20929 /usr/bin/python3 /home/bpm/.local/bin/gunicorn --worker-class eventlet -w 1 -c /home/bpm/.config/mmpm/configs/gunicorn.conf.py mmpm.wsgi:app -u bpm
             └─20941 /usr/bin/python3 /home/bpm/.local/bin/gunicorn --worker-class eventlet -w 1 -c /home/bpm/.config/mmpm/configs/gunicorn.conf.py mmpm.wsgi:app -u bpm

Jun 07 18:14:48 system76 systemd[1]: Starting MMPM Gunicorn daemon...
Jun 07 18:14:49 system76 systemd[1]: Started MMPM Gunicorn daemon.
[[ MMPM MAKE CMD ]] sudo systemctl status mmpm-webssh --no-pager
● mmpm-webssh.service - MMPM WebSSH daemon
     Loaded: loaded (/etc/systemd/system/mmpm-webssh.service; enabled; vendor preset: enabled)
     Active: active (running) since Sun 2020-06-07 18:14:49 EDT; 150ms ago
   Main PID: 20969 (wssh)
      Tasks: 1 (limit: 47899)
     Memory: 11.1M
     CGroup: /system.slice/mmpm-webssh.service
             └─20969 /usr/bin/python3 /home/bpm/.local/bin/wssh --address=127.0.0.1 --port=7893

Jun 07 18:14:49 system76 systemd[1]: Started MMPM WebSSH daemon.
[[ MMPM MAKE CMD ]] sudo cp -v configs/mmpm.conf /etc/nginx/sites-available
'configs/mmpm.conf' -> '/etc/nginx/sites-available/mmpm.conf'
[[ MMPM MAKE CMD ]] sudo ln -sv /etc/nginx/sites-available/mmpm.conf /etc/nginx/sites-enabled
'/etc/nginx/sites-enabled/mmpm.conf' -> '/etc/nginx/sites-available/mmpm.conf'
[[ MMPM MAKE CMD ]] sudo systemctl restart nginx.service --no-pager
[[ MMPM MAKE ACTION ]] MMPM GUI Installed
[[ MMPM MAKE ACTION ]] Removing MMPM CLI
[[ MMPM MAKE CMD ]] pip3 uninstall mmpm -v -y
Found existing installation: mmpm 1.25
Uninstalling mmpm-1.25:
  Created temporary directory: /tmp/pip-uninstall-434iiaf8
  Removing file or directory /home/bpm/.local/bin/mmpm
  Created temporary directory: /home/bpm/.local/lib/python3.8/site-packages/~mpm-1.25.dist-info
  Removing file or directory /home/bpm/.local/lib/python3.8/site-packages/mmpm-1.25.dist-info/
  Created temporary directory: /home/bpm/.local/lib/python3.8/site-packages/~mpm
  Removing file or directory /home/bpm/.local/lib/python3.8/site-packages/mmpm/
  Successfully uninstalled mmpm-1.25
[[ MMPM MAKE CMD ]] rm -rvf ~/.config/mmpm
removed '/home/bpm/.config/mmpm/configs/mmpm.conf'
removed '/home/bpm/.config/mmpm/configs/mmpm.service'
removed '/home/bpm/.config/mmpm/configs/__pycache__/gunicorn.conf.cpython-38.pyc'
removed directory '/home/bpm/.config/mmpm/configs/__pycache__'
removed '/home/bpm/.config/mmpm/configs/gunicorn.conf.py'
removed '/home/bpm/.config/mmpm/configs/mmpm-webssh.service'
removed directory '/home/bpm/.config/mmpm/configs'
removed '/home/bpm/.config/mmpm/log/mmpm-gunicorn-access.log'
removed '/home/bpm/.config/mmpm/log/mmpm-cli-interface.log'
removed '/home/bpm/.config/mmpm/log/mmpm-gunicorn-error.log'
removed directory '/home/bpm/.config/mmpm/log'
removed '/home/bpm/.config/mmpm/MagicMirror-modules-snapshot.json'
removed directory '/home/bpm/.config/mmpm'
[[ MMPM MAKE CMD ]] sudo rm -rf /usr/local/lib/mmpm
[[ MMPM MAKE CMD ]] cd lib; make uninstall; cd -
make[1]: Entering directory '/home/bpm/Development/github/mmpm/lib'
sudo rm -rf /usr/local/lib/mmpm
make[1]: Leaving directory '/home/bpm/Development/github/mmpm/lib'
/home/bpm/Development/github/mmpm
[[ MMPM MAKE ACTION ]] MMPM CLI Removed
[[ MMPM MAKE ACTION ]] Removing MMPM Daemons
[[ MMPM MAKE CMD ]] sudo systemctl stop mmpm.service
[[ MMPM MAKE CMD ]] sudo systemctl disable mmpm.service
[[ MMPM MAKE CMD ]] sudo systemctl stop mmpm-webssh.service
[[ MMPM MAKE CMD ]] sudo systemctl disable mmpm-webssh.service
[[ MMPM MAKE CMD ]] sudo rm -vf /etc/systemd/system/mmpm* /var/log/mmpm*.log
removed '/etc/systemd/system/mmpm.service'
removed '/etc/systemd/system/mmpm-webssh.service'
[[ MMPM MAKE CMD ]] sudo systemctl daemon-reload
[[ MMPM MAKE CMD ]] sudo systemctl reset-failed
[[ MMPM MAKE CMD ]] sudo rm -vf /etc/nginx/sites-available/mmpm.conf
removed '/etc/nginx/sites-available/mmpm.conf'
[[ MMPM MAKE CMD ]] sudo rm -vf /etc/nginx/sites-enabled/mmpm.conf
removed '/etc/nginx/sites-enabled/mmpm.conf'
[[ MMPM MAKE CMD ]] sudo systemctl restart nginx
[[ MMPM MAKE CMD ]] rm -rvf ~/.config/mmpm
[[ MMPM MAKE ACTION ]] MMPM Daemons Removed
[[ MMPM MAKE ACTION ]] Removing MMPM GUI
[[ MMPM MAKE CMD ]] rm -vf ~/.config/mmpm/configs/gunicorn.conf.py
[[ MMPM MAKE CMD ]] sudo rm -rvf /var/www/mmpm
removed '/var/www/mmpm/static/index.html'
removed '/var/www/mmpm/static/runtime-es5.js'
removed '/var/www/mmpm/static/main-es5.js'
removed '/var/www/mmpm/static/assets/monaco/vs/loader.js'
removed '/var/www/mmpm/static/assets/monaco/vs/base/worker/workerMain.js'
removed directory '/var/www/mmpm/static/assets/monaco/vs/base/worker'
removed directory '/var/www/mmpm/static/assets/monaco/vs/base'
removed '/var/www/mmpm/static/assets/monaco/vs/language/typescript/tsWorker.js'
removed '/var/www/mmpm/static/assets/monaco/vs/language/typescript/tsMode.js'
removed directory '/var/www/mmpm/static/assets/monaco/vs/language/typescript'
removed '/var/www/mmpm/static/assets/monaco/vs/language/css/cssWorker.js'
removed '/var/www/mmpm/static/assets/monaco/vs/language/css/cssMode.js'
removed directory '/var/www/mmpm/static/assets/monaco/vs/language/css'
removed '/var/www/mmpm/static/assets/monaco/vs/language/json/jsonWorker.js'
removed '/var/www/mmpm/static/assets/monaco/vs/language/json/jsonMode.js'
removed directory '/var/www/mmpm/static/assets/monaco/vs/language/json'
removed '/var/www/mmpm/static/assets/monaco/vs/language/html/htmlMode.js'
removed '/var/www/mmpm/static/assets/monaco/vs/language/html/htmlWorker.js'
removed directory '/var/www/mmpm/static/assets/monaco/vs/language/html'
removed directory '/var/www/mmpm/static/assets/monaco/vs/language'
removed '/var/www/mmpm/static/assets/monaco/vs/editor/editor.main.nls.es.js'
removed '/var/www/mmpm/static/assets/monaco/vs/editor/editor.main.nls.it.js'
removed '/var/www/mmpm/static/assets/monaco/vs/editor/editor.main.nls.zh-cn.js'
removed '/var/www/mmpm/static/assets/monaco/vs/editor/editor.main.js'
removed '/var/www/mmpm/static/assets/monaco/vs/editor/editor.main.nls.zh-tw.js'
removed '/var/www/mmpm/static/assets/monaco/vs/editor/editor.main.nls.ru.js'
removed '/var/www/mmpm/static/assets/monaco/vs/editor/editor.main.nls.ja.js'
removed '/var/www/mmpm/static/assets/monaco/vs/editor/editor.main.nls.ko.js'
removed '/var/www/mmpm/static/assets/monaco/vs/editor/editor.main.nls.js'
removed '/var/www/mmpm/static/assets/monaco/vs/editor/editor.main.css'
removed '/var/www/mmpm/static/assets/monaco/vs/editor/editor.main.nls.fr.js'
removed '/var/www/mmpm/static/assets/monaco/vs/editor/editor.main.nls.de.js'
removed directory '/var/www/mmpm/static/assets/monaco/vs/editor'
removed '/var/www/mmpm/static/assets/monaco/vs/basic-languages/typescript/typescript.js'
removed directory '/var/www/mmpm/static/assets/monaco/vs/basic-languages/typescript'
removed '/var/www/mmpm/static/assets/monaco/vs/basic-languages/markdown/markdown.js'
removed directory '/var/www/mmpm/static/assets/monaco/vs/basic-languages/markdown'
removed '/var/www/mmpm/static/assets/monaco/vs/basic-languages/clojure/clojure.js'
removed directory '/var/www/mmpm/static/assets/monaco/vs/basic-languages/clojure'
removed '/var/www/mmpm/static/assets/monaco/vs/basic-languages/apex/apex.js'
removed directory '/var/www/mmpm/static/assets/monaco/vs/basic-languages/apex'
removed '/var/www/mmpm/static/assets/monaco/vs/basic-languages/xml/xml.js'
removed directory '/var/www/mmpm/static/assets/monaco/vs/basic-languages/xml'
removed '/var/www/mmpm/static/assets/monaco/vs/basic-languages/perl/perl.js'
removed directory '/var/www/mmpm/static/assets/monaco/vs/basic-languages/perl'
removed '/var/www/mmpm/static/assets/monaco/vs/basic-languages/go/go.js'
removed directory '/var/www/mmpm/static/assets/monaco/vs/basic-languages/go'
removed '/var/www/mmpm/static/assets/monaco/vs/basic-languages/pug/pug.js'
removed directory '/var/www/mmpm/static/assets/monaco/vs/basic-languages/pug'
removed '/var/www/mmpm/static/assets/monaco/vs/basic-languages/abap/abap.js'
removed directory '/var/www/mmpm/static/assets/monaco/vs/basic-languages/abap'
removed '/var/www/mmpm/static/assets/monaco/vs/basic-languages/php/php.js'
removed directory '/var/www/mmpm/static/assets/monaco/vs/basic-languages/php'
removed '/var/www/mmpm/static/assets/monaco/vs/basic-languages/mysql/mysql.js'
removed directory '/var/www/mmpm/static/assets/monaco/vs/basic-languages/mysql'
removed '/var/www/mmpm/static/assets/monaco/vs/basic-languages/powerquery/powerquery.js'
removed directory '/var/www/mmpm/static/assets/monaco/vs/basic-languages/powerquery'
removed '/var/www/mmpm/static/assets/monaco/vs/basic-languages/sb/sb.js'
removed directory '/var/www/mmpm/static/assets/monaco/vs/basic-languages/sb'
removed '/var/www/mmpm/static/assets/monaco/vs/basic-languages/razor/razor.js'
removed directory '/var/www/mmpm/static/assets/monaco/vs/basic-languages/razor'
removed '/var/www/mmpm/static/assets/monaco/vs/basic-languages/java/java.js'
removed directory '/var/www/mmpm/static/assets/monaco/vs/basic-languages/java'
removed '/var/www/mmpm/static/assets/monaco/vs/basic-languages/csharp/csharp.js'
removed directory '/var/www/mmpm/static/assets/monaco/vs/basic-languages/csharp'
removed '/var/www/mmpm/static/assets/monaco/vs/basic-languages/azcli/azcli.js'
removed directory '/var/www/mmpm/static/assets/monaco/vs/basic-languages/azcli'
removed '/var/www/mmpm/static/assets/monaco/vs/basic-languages/kotlin/kotlin.js'
removed directory '/var/www/mmpm/static/assets/monaco/vs/basic-languages/kotlin'
removed '/var/www/mmpm/static/assets/monaco/vs/basic-languages/pascaligo/pascaligo.js'
removed directory '/var/www/mmpm/static/assets/monaco/vs/basic-languages/pascaligo'
removed '/var/www/mmpm/static/assets/monaco/vs/basic-languages/less/less.js'
removed directory '/var/www/mmpm/static/assets/monaco/vs/basic-languages/less'
removed '/var/www/mmpm/static/assets/monaco/vs/basic-languages/powershell/powershell.js'
removed directory '/var/www/mmpm/static/assets/monaco/vs/basic-languages/powershell'
removed '/var/www/mmpm/static/assets/monaco/vs/basic-languages/rust/rust.js'
removed directory '/var/www/mmpm/static/assets/monaco/vs/basic-languages/rust'
removed '/var/www/mmpm/static/assets/monaco/vs/basic-languages/bat/bat.js'
removed directory '/var/www/mmpm/static/assets/monaco/vs/basic-languages/bat'
removed '/var/www/mmpm/static/assets/monaco/vs/basic-languages/postiats/postiats.js'
removed directory '/var/www/mmpm/static/assets/monaco/vs/basic-languages/postiats'
removed '/var/www/mmpm/static/assets/monaco/vs/basic-languages/fsharp/fsharp.js'
removed directory '/var/www/mmpm/static/assets/monaco/vs/basic-languages/fsharp'
removed '/var/www/mmpm/static/assets/monaco/vs/basic-languages/twig/twig.js'
removed directory '/var/www/mmpm/static/assets/monaco/vs/basic-languages/twig'
removed '/var/www/mmpm/static/assets/monaco/vs/basic-languages/csp/csp.js'
removed directory '/var/www/mmpm/static/assets/monaco/vs/basic-languages/csp'
removed '/var/www/mmpm/static/assets/monaco/vs/basic-languages/pascal/pascal.js'
removed directory '/var/www/mmpm/static/assets/monaco/vs/basic-languages/pascal'
removed '/var/www/mmpm/static/assets/monaco/vs/basic-languages/ini/ini.js'
removed directory '/var/www/mmpm/static/assets/monaco/vs/basic-languages/ini'
removed '/var/www/mmpm/static/assets/monaco/vs/basic-languages/msdax/msdax.js'
removed directory '/var/www/mmpm/static/assets/monaco/vs/basic-languages/msdax'
removed '/var/www/mmpm/static/assets/monaco/vs/basic-languages/r/r.js'
removed directory '/var/www/mmpm/static/assets/monaco/vs/basic-languages/r'
removed '/var/www/mmpm/static/assets/monaco/vs/basic-languages/graphql/graphql.js'
removed directory '/var/www/mmpm/static/assets/monaco/vs/basic-languages/graphql'
removed '/var/www/mmpm/static/assets/monaco/vs/basic-languages/objective-c/objective-c.js'
removed directory '/var/www/mmpm/static/assets/monaco/vs/basic-languages/objective-c'
removed '/var/www/mmpm/static/assets/monaco/vs/basic-languages/css/css.js'
removed directory '/var/www/mmpm/static/assets/monaco/vs/basic-languages/css'
removed '/var/www/mmpm/static/assets/monaco/vs/basic-languages/lua/lua.js'
removed directory '/var/www/mmpm/static/assets/monaco/vs/basic-languages/lua'
removed '/var/www/mmpm/static/assets/monaco/vs/basic-languages/shell/shell.js'
removed directory '/var/www/mmpm/static/assets/monaco/vs/basic-languages/shell'
removed '/var/www/mmpm/static/assets/monaco/vs/basic-languages/vb/vb.js'
removed directory '/var/www/mmpm/static/assets/monaco/vs/basic-languages/vb'
removed '/var/www/mmpm/static/assets/monaco/vs/basic-languages/scss/scss.js'
removed directory '/var/www/mmpm/static/assets/monaco/vs/basic-languages/scss'
removed '/var/www/mmpm/static/assets/monaco/vs/basic-languages/ruby/ruby.js'
removed directory '/var/www/mmpm/static/assets/monaco/vs/basic-languages/ruby'
removed '/var/www/mmpm/static/assets/monaco/vs/basic-languages/redis/redis.js'
removed directory '/var/www/mmpm/static/assets/monaco/vs/basic-languages/redis'
removed '/var/www/mmpm/static/assets/monaco/vs/basic-languages/swift/swift.js'
removed directory '/var/www/mmpm/static/assets/monaco/vs/basic-languages/swift'
removed '/var/www/mmpm/static/assets/monaco/vs/basic-languages/coffee/coffee.js'
removed directory '/var/www/mmpm/static/assets/monaco/vs/basic-languages/coffee'
removed '/var/www/mmpm/static/assets/monaco/vs/basic-languages/st/st.js'
removed directory '/var/www/mmpm/static/assets/monaco/vs/basic-languages/st'
removed '/var/www/mmpm/static/assets/monaco/vs/basic-languages/solidity/solidity.js'
removed directory '/var/www/mmpm/static/assets/monaco/vs/basic-languages/solidity'
removed '/var/www/mmpm/static/assets/monaco/vs/basic-languages/dockerfile/dockerfile.js'
removed directory '/var/www/mmpm/static/assets/monaco/vs/basic-languages/dockerfile'
removed '/var/www/mmpm/static/assets/monaco/vs/basic-languages/html/html.js'
removed directory '/var/www/mmpm/static/assets/monaco/vs/basic-languages/html'
removed '/var/www/mmpm/static/assets/monaco/vs/basic-languages/sql/sql.js'
removed directory '/var/www/mmpm/static/assets/monaco/vs/basic-languages/sql'
removed '/var/www/mmpm/static/assets/monaco/vs/basic-languages/python/python.js'
removed directory '/var/www/mmpm/static/assets/monaco/vs/basic-languages/python'
removed '/var/www/mmpm/static/assets/monaco/vs/basic-languages/yaml/yaml.js'
removed directory '/var/www/mmpm/static/assets/monaco/vs/basic-languages/yaml'
removed '/var/www/mmpm/static/assets/monaco/vs/basic-languages/sophia/sophia.js'
removed directory '/var/www/mmpm/static/assets/monaco/vs/basic-languages/sophia'
removed '/var/www/mmpm/static/assets/monaco/vs/basic-languages/pgsql/pgsql.js'
removed directory '/var/www/mmpm/static/assets/monaco/vs/basic-languages/pgsql'
removed '/var/www/mmpm/static/assets/monaco/vs/basic-languages/tcl/tcl.js'
removed directory '/var/www/mmpm/static/assets/monaco/vs/basic-languages/tcl'
removed '/var/www/mmpm/static/assets/monaco/vs/basic-languages/scheme/scheme.js'
removed directory '/var/www/mmpm/static/assets/monaco/vs/basic-languages/scheme'
removed '/var/www/mmpm/static/assets/monaco/vs/basic-languages/redshift/redshift.js'
removed directory '/var/www/mmpm/static/assets/monaco/vs/basic-languages/redshift'
removed '/var/www/mmpm/static/assets/monaco/vs/basic-languages/javascript/javascript.js'
removed directory '/var/www/mmpm/static/assets/monaco/vs/basic-languages/javascript'
removed '/var/www/mmpm/static/assets/monaco/vs/basic-languages/handlebars/handlebars.js'
removed directory '/var/www/mmpm/static/assets/monaco/vs/basic-languages/handlebars'
removed '/var/www/mmpm/static/assets/monaco/vs/basic-languages/cpp/cpp.js'
removed directory '/var/www/mmpm/static/assets/monaco/vs/basic-languages/cpp'
removed directory '/var/www/mmpm/static/assets/monaco/vs/basic-languages'
removed directory '/var/www/mmpm/static/assets/monaco/vs'
removed directory '/var/www/mmpm/static/assets/monaco'
removed directory '/var/www/mmpm/static/assets'
removed '/var/www/mmpm/static/3rdpartylicenses.txt'
removed '/var/www/mmpm/static/favicon.ico'
removed '/var/www/mmpm/static/polyfills-es5.js'
removed '/var/www/mmpm/static/runtime-es2015.js'
removed '/var/www/mmpm/static/main-es2015.js'
removed '/var/www/mmpm/static/polyfills-es2015.js'
removed '/var/www/mmpm/static/styles.css'
removed directory '/var/www/mmpm/static'
removed '/var/www/mmpm/templates/index.html'
removed directory '/var/www/mmpm/templates'
removed directory '/var/www/mmpm'
[[ MMPM MAKE ACTION ]] MMPM GUI Removed
[[ MMPM MAKE ACTION ]] Installing MMPM CLI
[[ MMPM MAKE CMD ]] mkdir -vp ~/.config/mmpm/log ~/.config/mmpm/configs
mkdir: created directory '/home/bpm/.config/mmpm'
mkdir: created directory '/home/bpm/.config/mmpm/log'
mkdir: created directory '/home/bpm/.config/mmpm/configs'
[[ MMPM MAKE CMD ]] cd lib; make install; cd -
make[1]: Entering directory '/home/bpm/Development/github/mmpm/lib'
sudo mkdir -p /usr/local/lib/mmpm
sudo install libmmpm.so /usr/local/lib/mmpm
make[1]: Leaving directory '/home/bpm/Development/github/mmpm/lib'
/home/bpm/Development/github/mmpm
[[ MMPM MAKE CMD ]] pip3 install --user .
Processing /home/bpm/Development/github/mmpm
Requirement already satisfied: setuptools>=45.0.0 in /home/bpm/.local/lib/python3.8/site-packages (from mmpm==1.25) (47.1.1)
Requirement already satisfied: wheel>=0.33.6 in /usr/lib/python3/dist-packages (from mmpm==1.25) (0.34.2)
Requirement already satisfied: argparse>=1.1 in /home/bpm/.local/lib/python3.8/site-packages (from mmpm==1.25) (1.4.0)
Requirement already satisfied: bs4>=0.0.1 in /home/bpm/.local/lib/python3.8/site-packages (from mmpm==1.25) (0.0.1)
Requirement already satisfied: beautifulsoup4>=4.6.0 in /home/bpm/.local/lib/python3.8/site-packages (from mmpm==1.25) (4.9.0)
Requirement already satisfied: colorama>=0.4.3 in /home/bpm/.local/lib/python3.8/site-packages (from mmpm==1.25) (0.4.3)
Requirement already satisfied: flask>=1.1.1 in /home/bpm/.local/lib/python3.8/site-packages (from mmpm==1.25) (1.1.1)
Requirement already satisfied: Flask-Cors>=3.0.8 in /home/bpm/.local/lib/python3.8/site-packages (from mmpm==1.25) (3.0.8)
Requirement already satisfied: gunicorn>=20.0.4 in /home/bpm/.local/lib/python3.8/site-packages (from mmpm==1.25) (20.0.4)
Requirement already satisfied: webssh>=1.5.1 in /home/bpm/.local/lib/python3.8/site-packages (from mmpm==1.25) (1.5.2)
Requirement already satisfied: flask-socketio>=4.2.1 in /home/bpm/.local/lib/python3.8/site-packages (from mmpm==1.25) (4.3.0)
Requirement already satisfied: shelljob==0.5.6 in /home/bpm/.local/lib/python3.8/site-packages (from mmpm==1.25) (0.5.6)
Requirement already satisfied: eventlet>=0.25.1 in /home/bpm/.local/lib/python3.8/site-packages (from mmpm==1.25) (0.25.2)
Requirement already satisfied: argcomplete>=1.11.1 in /home/bpm/.local/lib/python3.8/site-packages (from mmpm==1.25) (1.11.1)
Requirement already satisfied: soupsieve>1.2 in /home/bpm/.local/lib/python3.8/site-packages (from beautifulsoup4>=4.6.0->mmpm==1.25) (2.0)
Requirement already satisfied: itsdangerous>=0.24 in /home/bpm/.local/lib/python3.8/site-packages (from flask>=1.1.1->mmpm==1.25) (1.1.0)
Requirement already satisfied: Werkzeug>=0.15 in /home/bpm/.local/lib/python3.8/site-packages (from flask>=1.1.1->mmpm==1.25) (1.0.1)
Requirement already satisfied: click>=5.1 in /home/bpm/.local/lib/python3.8/site-packages (from flask>=1.1.1->mmpm==1.25) (7.1.2)
Requirement already satisfied: Jinja2>=2.10.1 in /home/bpm/.local/lib/python3.8/site-packages (from flask>=1.1.1->mmpm==1.25) (2.11.2)
Requirement already satisfied: Six in /usr/lib/python3/dist-packages (from Flask-Cors>=3.0.8->mmpm==1.25) (1.14.0)
Requirement already satisfied: tornado>=4.5.0 in /home/bpm/.local/lib/python3.8/site-packages (from webssh>=1.5.1->mmpm==1.25) (6.0.4)
Requirement already satisfied: paramiko>=2.3.1 in /home/bpm/.local/lib/python3.8/site-packages (from webssh>=1.5.1->mmpm==1.25) (2.7.1)
Requirement already satisfied: python-socketio>=4.3.0 in /home/bpm/.local/lib/python3.8/site-packages (from flask-socketio>=4.2.1->mmpm==1.25) (4.5.1)
Requirement already satisfied: greenlet>=0.3 in /home/bpm/.local/lib/python3.8/site-packages (from eventlet>=0.25.1->mmpm==1.25) (0.4.15)
Requirement already satisfied: dnspython>=1.15.0 in /home/bpm/.local/lib/python3.8/site-packages (from eventlet>=0.25.1->mmpm==1.25) (1.16.0)
Requirement already satisfied: monotonic>=1.4 in /home/bpm/.local/lib/python3.8/site-packages (from eventlet>=0.25.1->mmpm==1.25) (1.5)
Requirement already satisfied: MarkupSafe>=0.23 in /home/bpm/.local/lib/python3.8/site-packages (from Jinja2>=2.10.1->flask>=1.1.1->mmpm==1.25) (1.1.1)
Requirement already satisfied: pynacl>=1.0.1 in /usr/lib/python3/dist-packages (from paramiko>=2.3.1->webssh>=1.5.1->mmpm==1.25) (1.3.0)
Requirement already satisfied: bcrypt>=3.1.3 in /home/bpm/.local/lib/python3.8/site-packages (from paramiko>=2.3.1->webssh>=1.5.1->mmpm==1.25) (3.1.7)
Requirement already satisfied: cryptography>=2.5 in /usr/lib/python3/dist-packages (from paramiko>=2.3.1->webssh>=1.5.1->mmpm==1.25) (2.8)
Requirement already satisfied: python-engineio>=3.9.0 in /home/bpm/.local/lib/python3.8/site-packages (from python-socketio>=4.3.0->flask-socketio>=4.2.1->mmpm==1.25) (3.12.1)
Requirement already satisfied: cffi>=1.1 in /home/bpm/.local/lib/python3.8/site-packages (from bcrypt>=3.1.3->paramiko>=2.3.1->webssh>=1.5.1->mmpm==1.25) (1.14.0)
Requirement already satisfied: pycparser in /home/bpm/.local/lib/python3.8/site-packages (from cffi>=1.1->bcrypt>=3.1.3->paramiko>=2.3.1->webssh>=1.5.1->mmpm==1.25) (2.20)
Building wheels for collected packages: mmpm
  Building wheel for mmpm (setup.py): started
  Building wheel for mmpm (setup.py): finished with status 'done'
  Created wheel for mmpm: filename=mmpm-1.25-py3-none-any.whl size=28813 sha256=ec70826082a7208ce9b1339d59a711c1e67d4e2898f46b2e78a00fc09bcc401c
  Stored in directory: /tmp/pip-ephem-wheel-cache-diag76i2/wheels/5f/8d/9d/30c458624d011030bf483952fa228089d9a42f10441a1ba2b6
Successfully built mmpm
Installing collected packages: mmpm
Successfully installed mmpm-1.25
[[ MMPM MAKE CMD ]] /home/bpm/.local/bin/mmpm db --refresh
[+] Refreshing MagicMirror modules snapshot ... ✓
[[ MMPM MAKE ACTION ]] MMPM CLI Installed
[[ MMPM MAKE ACTION ]] Gathering MMPM GUI Static Files
[[ MMPM MAKE CMD ]] wget --verbose https://github.com/Bee-Mar/mmpm/releases/download/1.13/mmpm-gui-1.13.tar.gz
[[ MMPM MAKE ACTION ]] MMPM GUI Static Files Retrieved
[[ MMPM MAKE ACTION ]] Installing MMPM GUI Static Files
[[ MMPM MAKE CMD ]] sudo rm -rfv /var/www/mmpm/static
[[ MMPM MAKE CMD ]] sudo mkdir -vp /var/www/mmpm/{static,templates}
mkdir: created directory '/var/www/mmpm'
mkdir: created directory '/var/www/mmpm/static'
mkdir: created directory '/var/www/mmpm/templates'
[[ MMPM MAKE CMD ]] sudo tar xvf mmpm-gui-1.13.tar.gz -C /var/www/mmpm
static/
static/polyfills-es2015.js
static/main-es5.js
static/polyfills-es5.js
static/styles.css
static/index.html
static/runtime-es5.js
static/runtime-es2015.js
static/assets/
static/assets/monaco/
static/assets/monaco/vs/
static/assets/monaco/vs/base/
static/assets/monaco/vs/base/worker/
static/assets/monaco/vs/base/worker/workerMain.js
static/assets/monaco/vs/loader.js
static/assets/monaco/vs/language/
static/assets/monaco/vs/language/html/
static/assets/monaco/vs/language/html/htmlMode.js
static/assets/monaco/vs/language/html/htmlWorker.js
static/assets/monaco/vs/language/typescript/
static/assets/monaco/vs/language/typescript/tsMode.js
static/assets/monaco/vs/language/typescript/tsWorker.js
static/assets/monaco/vs/language/css/
static/assets/monaco/vs/language/css/cssWorker.js
static/assets/monaco/vs/language/css/cssMode.js
static/assets/monaco/vs/language/json/
static/assets/monaco/vs/language/json/jsonWorker.js
static/assets/monaco/vs/language/json/jsonMode.js
static/assets/monaco/vs/editor/
static/assets/monaco/vs/editor/editor.main.nls.ko.js
static/assets/monaco/vs/editor/editor.main.js
static/assets/monaco/vs/editor/editor.main.nls.it.js
static/assets/monaco/vs/editor/editor.main.nls.fr.js
static/assets/monaco/vs/editor/editor.main.nls.ja.js
static/assets/monaco/vs/editor/editor.main.nls.zh-cn.js
static/assets/monaco/vs/editor/editor.main.nls.ru.js
static/assets/monaco/vs/editor/editor.main.nls.js
static/assets/monaco/vs/editor/editor.main.nls.es.js
static/assets/monaco/vs/editor/editor.main.nls.zh-tw.js
static/assets/monaco/vs/editor/editor.main.css
static/assets/monaco/vs/editor/editor.main.nls.de.js
static/assets/monaco/vs/basic-languages/
static/assets/monaco/vs/basic-languages/ini/
static/assets/monaco/vs/basic-languages/ini/ini.js
static/assets/monaco/vs/basic-languages/java/
static/assets/monaco/vs/basic-languages/java/java.js
static/assets/monaco/vs/basic-languages/powershell/
static/assets/monaco/vs/basic-languages/powershell/powershell.js
static/assets/monaco/vs/basic-languages/graphql/
static/assets/monaco/vs/basic-languages/graphql/graphql.js
static/assets/monaco/vs/basic-languages/javascript/
static/assets/monaco/vs/basic-languages/javascript/javascript.js
static/assets/monaco/vs/basic-languages/st/
static/assets/monaco/vs/basic-languages/st/st.js
static/assets/monaco/vs/basic-languages/shell/
static/assets/monaco/vs/basic-languages/shell/shell.js
static/assets/monaco/vs/basic-languages/perl/
static/assets/monaco/vs/basic-languages/perl/perl.js
static/assets/monaco/vs/basic-languages/fsharp/
static/assets/monaco/vs/basic-languages/fsharp/fsharp.js
static/assets/monaco/vs/basic-languages/kotlin/
static/assets/monaco/vs/basic-languages/kotlin/kotlin.js
static/assets/monaco/vs/basic-languages/html/
static/assets/monaco/vs/basic-languages/html/html.js
static/assets/monaco/vs/basic-languages/go/
static/assets/monaco/vs/basic-languages/go/go.js
static/assets/monaco/vs/basic-languages/typescript/
static/assets/monaco/vs/basic-languages/typescript/typescript.js
static/assets/monaco/vs/basic-languages/lua/
static/assets/monaco/vs/basic-languages/lua/lua.js
static/assets/monaco/vs/basic-languages/scheme/
static/assets/monaco/vs/basic-languages/scheme/scheme.js
static/assets/monaco/vs/basic-languages/msdax/
static/assets/monaco/vs/basic-languages/msdax/msdax.js
static/assets/monaco/vs/basic-languages/sql/
static/assets/monaco/vs/basic-languages/sql/sql.js
static/assets/monaco/vs/basic-languages/handlebars/
static/assets/monaco/vs/basic-languages/handlebars/handlebars.js
static/assets/monaco/vs/basic-languages/abap/
static/assets/monaco/vs/basic-languages/abap/abap.js
static/assets/monaco/vs/basic-languages/css/
static/assets/monaco/vs/basic-languages/css/css.js
static/assets/monaco/vs/basic-languages/coffee/
static/assets/monaco/vs/basic-languages/coffee/coffee.js
static/assets/monaco/vs/basic-languages/objective-c/
static/assets/monaco/vs/basic-languages/objective-c/objective-c.js
static/assets/monaco/vs/basic-languages/bat/
static/assets/monaco/vs/basic-languages/bat/bat.js
static/assets/monaco/vs/basic-languages/sophia/
static/assets/monaco/vs/basic-languages/sophia/sophia.js
static/assets/monaco/vs/basic-languages/ruby/
static/assets/monaco/vs/basic-languages/ruby/ruby.js
static/assets/monaco/vs/basic-languages/razor/
static/assets/monaco/vs/basic-languages/razor/razor.js
static/assets/monaco/vs/basic-languages/swift/
static/assets/monaco/vs/basic-languages/swift/swift.js
static/assets/monaco/vs/basic-languages/postiats/
static/assets/monaco/vs/basic-languages/postiats/postiats.js
static/assets/monaco/vs/basic-languages/dockerfile/
static/assets/monaco/vs/basic-languages/dockerfile/dockerfile.js
static/assets/monaco/vs/basic-languages/r/
static/assets/monaco/vs/basic-languages/r/r.js
static/assets/monaco/vs/basic-languages/sb/
static/assets/monaco/vs/basic-languages/sb/sb.js
static/assets/monaco/vs/basic-languages/less/
static/assets/monaco/vs/basic-languages/less/less.js
static/assets/monaco/vs/basic-languages/markdown/
static/assets/monaco/vs/basic-languages/markdown/markdown.js
static/assets/monaco/vs/basic-languages/yaml/
static/assets/monaco/vs/basic-languages/yaml/yaml.js
static/assets/monaco/vs/basic-languages/redshift/
static/assets/monaco/vs/basic-languages/redshift/redshift.js
static/assets/monaco/vs/basic-languages/xml/
static/assets/monaco/vs/basic-languages/xml/xml.js
static/assets/monaco/vs/basic-languages/apex/
static/assets/monaco/vs/basic-languages/apex/apex.js
static/assets/monaco/vs/basic-languages/csp/
static/assets/monaco/vs/basic-languages/csp/csp.js
static/assets/monaco/vs/basic-languages/python/
static/assets/monaco/vs/basic-languages/python/python.js
static/assets/monaco/vs/basic-languages/vb/
static/assets/monaco/vs/basic-languages/vb/vb.js
static/assets/monaco/vs/basic-languages/cpp/
static/assets/monaco/vs/basic-languages/cpp/cpp.js
static/assets/monaco/vs/basic-languages/azcli/
static/assets/monaco/vs/basic-languages/azcli/azcli.js
static/assets/monaco/vs/basic-languages/pascal/
static/assets/monaco/vs/basic-languages/pascal/pascal.js
static/assets/monaco/vs/basic-languages/pug/
static/assets/monaco/vs/basic-languages/pug/pug.js
static/assets/monaco/vs/basic-languages/twig/
static/assets/monaco/vs/basic-languages/twig/twig.js
static/assets/monaco/vs/basic-languages/powerquery/
static/assets/monaco/vs/basic-languages/powerquery/powerquery.js
static/assets/monaco/vs/basic-languages/clojure/
static/assets/monaco/vs/basic-languages/clojure/clojure.js
static/assets/monaco/vs/basic-languages/tcl/
static/assets/monaco/vs/basic-languages/tcl/tcl.js
static/assets/monaco/vs/basic-languages/mysql/
static/assets/monaco/vs/basic-languages/mysql/mysql.js
static/assets/monaco/vs/basic-languages/pascaligo/
static/assets/monaco/vs/basic-languages/pascaligo/pascaligo.js
static/assets/monaco/vs/basic-languages/php/
static/assets/monaco/vs/basic-languages/php/php.js
static/assets/monaco/vs/basic-languages/csharp/
static/assets/monaco/vs/basic-languages/csharp/csharp.js
static/assets/monaco/vs/basic-languages/rust/
static/assets/monaco/vs/basic-languages/rust/rust.js
static/assets/monaco/vs/basic-languages/solidity/
static/assets/monaco/vs/basic-languages/solidity/solidity.js
static/assets/monaco/vs/basic-languages/pgsql/
static/assets/monaco/vs/basic-languages/pgsql/pgsql.js
static/assets/monaco/vs/basic-languages/scss/
static/assets/monaco/vs/basic-languages/scss/scss.js
static/assets/monaco/vs/basic-languages/redis/
static/assets/monaco/vs/basic-languages/redis/redis.js
static/main-es2015.js
static/favicon.ico
static/3rdpartylicenses.txt
[[ MMPM MAKE CMD ]] sudo cp -v /var/www/mmpm/static/index.html /var/www/mmpm/templates/
'/var/www/mmpm/static/index.html' -> '/var/www/mmpm/templates/index.html'
[[ MMPM MAKE CMD ]] rm -vf mmpm-gui-1.13.tar.gz
removed 'mmpm-gui-1.13.tar.gz'
[[ MMPM MAKE ACTION ]] Installed MMPM GUI Static Files
[[ MMPM MAKE ACTION ]] Installing MMPM Daemons
[[ MMPM MAKE CMD ]] mkdir -vp ~/.config/mmpm/log ~/.config/mmpm/configs
[[ MMPM MAKE CMD ]] rm -vf configs/*service
removed 'configs/mmpm.service'
removed 'configs/mmpm-webssh.service'
[[ MMPM MAKE CMD ]] sudo cp -v configs/*.service /etc/systemd/system/
'configs/mmpm.service' -> '/etc/systemd/system/mmpm.service'
'configs/mmpm-webssh.service' -> '/etc/systemd/system/mmpm-webssh.service'
[[ MMPM MAKE CMD ]] cp -v configs/gunicorn.conf.py ~/.config/mmpm/configs
'configs/gunicorn.conf.py' -> '/home/bpm/.config/mmpm/configs/gunicorn.conf.py'
[[ MMPM MAKE CMD ]] cp -v configs/*conf ~/.config/mmpm/configs
'configs/mmpm.conf' -> '/home/bpm/.config/mmpm/configs/mmpm.conf'
[[ MMPM MAKE CMD ]] cp -v configs/*service ~/.config/mmpm/configs
'configs/mmpm.service' -> '/home/bpm/.config/mmpm/configs/mmpm.service'
'configs/mmpm-webssh.service' -> '/home/bpm/.config/mmpm/configs/mmpm-webssh.service'
[[ MMPM MAKE CMD ]] touch ~/.config/mmpm/log/mmpm-gunicorn-error.log /home/bpm/.config/mmpm/log/mmpm-gunicorn-access.log
[[ MMPM MAKE CMD ]] sudo systemctl enable mmpm
[[ MMPM MAKE CMD ]] sudo systemctl start mmpm
[[ MMPM MAKE CMD ]] sudo systemctl enable mmpm-webssh
[[ MMPM MAKE CMD ]] sudo systemctl start mmpm-webssh
[[ MMPM MAKE CMD ]] sudo systemctl status mmpm --no-pager
● mmpm.service - MMPM Gunicorn daemon
     Loaded: loaded (/etc/systemd/system/mmpm.service; enabled; vendor preset: enabled)
     Active: active (running) since Sun 2020-06-07 18:15:41 EDT; 507ms ago
   Main PID: 21684 (gunicorn)
     Status: "Gunicorn arbiter booted"
      Tasks: 2 (limit: 47899)
     Memory: 56.4M
     CGroup: /system.slice/mmpm.service
             ├─21684 /usr/bin/python3 /home/bpm/.local/bin/gunicorn --worker-class eventlet -w 1 -c /home/bpm/.config/mmpm/configs/gunicorn.conf.py mmpm.wsgi:app -u bpm
             └─21704 /usr/bin/python3 /home/bpm/.local/bin/gunicorn --worker-class eventlet -w 1 -c /home/bpm/.config/mmpm/configs/gunicorn.conf.py mmpm.wsgi:app -u bpm

Jun 07 18:15:41 system76 systemd[1]: Starting MMPM Gunicorn daemon...
Jun 07 18:15:41 system76 systemd[1]: Started MMPM Gunicorn daemon.
[[ MMPM MAKE CMD ]] sudo systemctl status mmpm-webssh --no-pager
● mmpm-webssh.service - MMPM WebSSH daemon
     Loaded: loaded (/etc/systemd/system/mmpm-webssh.service; enabled; vendor preset: enabled)
     Active: active (running) since Sun 2020-06-07 18:15:41 EDT; 157ms ago
   Main PID: 21732 (wssh)
      Tasks: 1 (limit: 47899)
     Memory: 10.5M
     CGroup: /system.slice/mmpm-webssh.service
             └─21732 /usr/bin/python3 /home/bpm/.local/bin/wssh --address=127.0.0.1 --port=7893

Jun 07 18:15:41 system76 systemd[1]: Started MMPM WebSSH daemon.
[[ MMPM MAKE CMD ]] sudo cp -v configs/mmpm.conf /etc/nginx/sites-available
'configs/mmpm.conf' -> '/etc/nginx/sites-available/mmpm.conf'
[[ MMPM MAKE CMD ]] sudo ln -sv /etc/nginx/sites-available/mmpm.conf /etc/nginx/sites-enabled
'/etc/nginx/sites-enabled/mmpm.conf' -> '/etc/nginx/sites-available/mmpm.conf'
[[ MMPM MAKE CMD ]] sudo systemctl restart nginx.service --no-pager
[[ MMPM MAKE ACTION ]] MMPM GUI Installed
