2020-02-19 22:11:19,199 WARN Failed to clean up '/tmp/gunicorn-stdout---supervisor-JBhKei.log'
2020-02-19 22:11:19,201 INFO daemonizing the supervisord process
2020-02-19 22:11:19,201 INFO supervisord started with pid 22451
2020-02-19 22:11:20,203 INFO spawned: 'gunicorn' with pid 22479
2020-02-19 22:11:21,398 INFO success: gunicorn entered RUNNING state, process has stayed up for > than 1 seconds (startsecs)
2020-02-19 22:11:25,418 INFO exited: gunicorn (exit status 1; not expected)
2020-02-19 22:11:26,420 INFO spawned: 'gunicorn' with pid 22746
2020-02-19 22:11:27,617 INFO success: gunicorn entered RUNNING state, process has stayed up for > than 1 seconds (startsecs)
2020-02-19 22:11:31,636 INFO exited: gunicorn (exit status 1; not expected)
2020-02-19 22:11:32,638 INFO spawned: 'gunicorn' with pid 22882
2020-02-19 22:11:33,832 INFO success: gunicorn entered RUNNING state, process has stayed up for > than 1 seconds (startsecs)
2020-02-19 22:11:37,850 INFO exited: gunicorn (exit status 1; not expected)
2020-02-19 22:11:38,852 INFO spawned: 'gunicorn' with pid 23068
2020-02-19 22:11:40,045 INFO success: gunicorn entered RUNNING state, process has stayed up for > than 1 seconds (startsecs)
2020-02-19 22:11:44,063 INFO exited: gunicorn (exit status 1; not expected)
2020-02-19 22:11:45,065 INFO spawned: 'gunicorn' with pid 23263
2020-02-19 22:11:46,260 INFO success: gunicorn entered RUNNING state, process has stayed up for > than 1 seconds (startsecs)
2020-02-19 22:11:50,279 INFO exited: gunicorn (exit status 1; not expected)
2020-02-19 22:11:51,281 INFO spawned: 'gunicorn' with pid 23457
2020-02-19 22:11:52,492 INFO success: gunicorn entered RUNNING state, process has stayed up for > than 1 seconds (startsecs)
2020-02-19 22:11:56,510 INFO exited: gunicorn (exit status 1; not expected)
2020-02-19 22:11:57,512 INFO spawned: 'gunicorn' with pid 23790
2020-02-19 22:11:58,708 INFO success: gunicorn entered RUNNING state, process has stayed up for > than 1 seconds (startsecs)
2020-02-19 22:12:02,727 INFO exited: gunicorn (exit status 1; not expected)
2020-02-19 22:12:03,729 INFO spawned: 'gunicorn' with pid 23901
2020-02-19 22:12:04,926 INFO success: gunicorn entered RUNNING state, process has stayed up for > than 1 seconds (startsecs)
2020-02-19 22:12:08,946 INFO exited: gunicorn (exit status 1; not expected)
2020-02-19 22:12:09,948 INFO spawned: 'gunicorn' with pid 24030
2020-02-19 22:12:11,150 INFO success: gunicorn entered RUNNING state, process has stayed up for > than 1 seconds (startsecs)
2020-02-19 22:12:15,168 INFO exited: gunicorn (exit status 1; not expected)
2020-02-19 22:12:16,170 INFO spawned: 'gunicorn' with pid 24251
2020-02-19 22:12:17,366 INFO success: gunicorn entered RUNNING state, process has stayed up for > than 1 seconds (startsecs)
2020-02-19 22:12:21,383 INFO exited: gunicorn (exit status 1; not expected)
2020-02-19 22:12:22,385 INFO spawned: 'gunicorn' with pid 24352
2020-02-19 22:12:23,586 INFO success: gunicorn entered RUNNING state, process has stayed up for > than 1 seconds (startsecs)
2020-02-19 22:12:27,605 INFO exited: gunicorn (exit status 1; not expected)
2020-02-19 22:12:28,607 INFO spawned: 'gunicorn' with pid 24578
2020-02-19 22:12:29,804 INFO success: gunicorn entered RUNNING state, process has stayed up for > than 1 seconds (startsecs)
2020-02-19 22:12:33,824 INFO exited: gunicorn (exit status 1; not expected)
2020-02-19 22:12:34,825 INFO spawned: 'gunicorn' with pid 24709
2020-02-19 22:12:36,025 INFO success: gunicorn entered RUNNING state, process has stayed up for > than 1 seconds (startsecs)
2020-02-19 22:12:40,043 INFO exited: gunicorn (exit status 1; not expected)
2020-02-19 22:12:41,045 INFO spawned: 'gunicorn' with pid 24823
2020-02-19 22:12:42,248 INFO success: gunicorn entered RUNNING state, process has stayed up for > than 1 seconds (startsecs)
2020-02-19 22:12:46,266 INFO exited: gunicorn (exit status 1; not expected)
2020-02-19 22:12:47,268 INFO spawned: 'gunicorn' with pid 25020
2020-02-19 22:12:48,465 INFO success: gunicorn entered RUNNING state, process has stayed up for > than 1 seconds (startsecs)
2020-02-19 22:12:52,484 INFO exited: gunicorn (exit status 1; not expected)
2020-02-19 22:12:53,486 INFO spawned: 'gunicorn' with pid 25291
2020-02-19 22:12:54,678 INFO success: gunicorn entered RUNNING state, process has stayed up for > than 1 seconds (startsecs)
2020-02-19 22:12:58,697 INFO exited: gunicorn (exit status 1; not expected)
2020-02-19 22:12:59,699 INFO spawned: 'gunicorn' with pid 25434
2020-02-19 22:13:00,902 INFO success: gunicorn entered RUNNING state, process has stayed up for > than 1 seconds (startsecs)
2020-02-19 22:13:04,921 INFO exited: gunicorn (exit status 1; not expected)
2020-02-19 22:13:05,923 INFO spawned: 'gunicorn' with pid 25557
2020-02-19 22:13:07,125 INFO success: gunicorn entered RUNNING state, process has stayed up for > than 1 seconds (startsecs)
2020-02-19 22:13:11,145 INFO exited: gunicorn (exit status 1; not expected)
2020-02-19 22:13:12,147 INFO spawned: 'gunicorn' with pid 25647
2020-02-19 22:13:13,343 INFO success: gunicorn entered RUNNING state, process has stayed up for > than 1 seconds (startsecs)
2020-02-19 22:13:17,361 INFO exited: gunicorn (exit status 1; not expected)
2020-02-19 22:13:18,363 INFO spawned: 'gunicorn' with pid 25822
2020-02-19 22:13:19,574 INFO success: gunicorn entered RUNNING state, process has stayed up for > than 1 seconds (startsecs)
2020-02-19 22:13:23,590 INFO exited: gunicorn (exit status 1; not expected)
2020-02-19 22:13:24,592 INFO spawned: 'gunicorn' with pid 26088
2020-02-19 22:13:25,784 INFO success: gunicorn entered RUNNING state, process has stayed up for > than 1 seconds (startsecs)
2020-02-19 22:13:29,803 INFO exited: gunicorn (exit status 1; not expected)
2020-02-19 22:13:30,805 INFO spawned: 'gunicorn' with pid 26181
2020-02-19 22:13:32,008 INFO success: gunicorn entered RUNNING state, process has stayed up for > than 1 seconds (startsecs)
2020-02-19 22:13:36,028 INFO exited: gunicorn (exit status 1; not expected)
2020-02-19 22:13:37,030 INFO spawned: 'gunicorn' with pid 26309
2020-02-19 22:13:38,228 INFO success: gunicorn entered RUNNING state, process has stayed up for > than 1 seconds (startsecs)
2020-02-19 22:13:42,246 INFO exited: gunicorn (exit status 1; not expected)
2020-02-19 22:13:43,248 INFO spawned: 'gunicorn' with pid 26409
2020-02-19 22:13:44,456 INFO success: gunicorn entered RUNNING state, process has stayed up for > than 1 seconds (startsecs)
2020-02-19 22:13:48,475 INFO exited: gunicorn (exit status 1; not expected)
2020-02-19 22:13:49,477 INFO spawned: 'gunicorn' with pid 26616
2020-02-19 22:13:50,674 INFO success: gunicorn entered RUNNING state, process has stayed up for > than 1 seconds (startsecs)
2020-02-19 22:13:54,699 INFO exited: gunicorn (exit status 1; not expected)
2020-02-19 22:13:55,700 INFO spawned: 'gunicorn' with pid 26789
2020-02-19 22:13:56,897 INFO success: gunicorn entered RUNNING state, process has stayed up for > than 1 seconds (startsecs)
2020-02-19 22:14:00,915 INFO exited: gunicorn (exit status 1; not expected)
2020-02-19 22:14:01,918 INFO spawned: 'gunicorn' with pid 26923
2020-02-19 22:14:03,111 INFO success: gunicorn entered RUNNING state, process has stayed up for > than 1 seconds (startsecs)
2020-02-19 22:14:07,130 INFO exited: gunicorn (exit status 1; not expected)
2020-02-19 22:14:08,131 INFO spawned: 'gunicorn' with pid 27037
2020-02-19 22:14:09,326 INFO success: gunicorn entered RUNNING state, process has stayed up for > than 1 seconds (startsecs)
2020-02-19 22:14:13,350 INFO exited: gunicorn (exit status 1; not expected)
2020-02-19 22:14:14,351 INFO spawned: 'gunicorn' with pid 27211
2020-02-19 22:14:15,574 INFO success: gunicorn entered RUNNING state, process has stayed up for > than 1 seconds (startsecs)
2020-02-19 22:14:19,593 INFO exited: gunicorn (exit status 1; not expected)
2020-02-19 22:14:20,595 INFO spawned: 'gunicorn' with pid 27539
2020-02-19 22:14:21,789 INFO success: gunicorn entered RUNNING state, process has stayed up for > than 1 seconds (startsecs)
2020-02-19 22:14:25,807 INFO exited: gunicorn (exit status 1; not expected)
2020-02-19 22:14:26,809 INFO spawned: 'gunicorn' with pid 27754
2020-02-19 22:14:28,005 INFO success: gunicorn entered RUNNING state, process has stayed up for > than 1 seconds (startsecs)
2020-02-19 22:14:32,038 INFO exited: gunicorn (exit status 1; not expected)
2020-02-19 22:14:33,041 INFO spawned: 'gunicorn' with pid 27888
2020-02-19 22:14:34,243 INFO success: gunicorn entered RUNNING state, process has stayed up for > than 1 seconds (startsecs)
2020-02-19 22:14:38,261 INFO exited: gunicorn (exit status 1; not expected)
2020-02-19 22:14:39,263 INFO spawned: 'gunicorn' with pid 28174
2020-02-19 22:14:40,458 INFO success: gunicorn entered RUNNING state, process has stayed up for > than 1 seconds (startsecs)
2020-02-19 22:14:44,476 INFO exited: gunicorn (exit status 1; not expected)
2020-02-19 22:14:45,478 INFO spawned: 'gunicorn' with pid 28325
2020-02-19 22:14:46,672 INFO success: gunicorn entered RUNNING state, process has stayed up for > than 1 seconds (startsecs)
2020-02-19 22:14:50,690 INFO exited: gunicorn (exit status 1; not expected)
2020-02-19 22:14:51,692 INFO spawned: 'gunicorn' with pid 28543
2020-02-19 22:14:52,886 INFO success: gunicorn entered RUNNING state, process has stayed up for > than 1 seconds (startsecs)
2020-02-19 22:14:56,904 INFO exited: gunicorn (exit status 1; not expected)
2020-02-19 22:14:57,906 INFO spawned: 'gunicorn' with pid 28644
2020-02-19 22:14:59,100 INFO success: gunicorn entered RUNNING state, process has stayed up for > than 1 seconds (startsecs)
2020-02-19 22:15:03,118 INFO exited: gunicorn (exit status 1; not expected)
2020-02-19 22:15:04,119 INFO spawned: 'gunicorn' with pid 28768
2020-02-19 22:15:05,316 INFO success: gunicorn entered RUNNING state, process has stayed up for > than 1 seconds (startsecs)
2020-02-19 22:15:09,334 INFO exited: gunicorn (exit status 1; not expected)
2020-02-19 22:15:10,335 INFO spawned: 'gunicorn' with pid 29212
2020-02-19 22:15:11,529 INFO success: gunicorn entered RUNNING state, process has stayed up for > than 1 seconds (startsecs)
2020-02-19 22:15:15,548 INFO exited: gunicorn (exit status 1; not expected)
2020-02-19 22:15:16,550 INFO spawned: 'gunicorn' with pid 29454
2020-02-19 22:15:17,743 INFO success: gunicorn entered RUNNING state, process has stayed up for > than 1 seconds (startsecs)
2020-02-19 22:15:21,762 INFO exited: gunicorn (exit status 1; not expected)
2020-02-19 22:15:22,764 INFO spawned: 'gunicorn' with pid 30137
2020-02-19 22:15:23,961 INFO success: gunicorn entered RUNNING state, process has stayed up for > than 1 seconds (startsecs)
2020-02-19 22:15:27,980 INFO exited: gunicorn (exit status 1; not expected)
2020-02-19 22:15:28,982 INFO spawned: 'gunicorn' with pid 30660
2020-02-19 22:15:30,178 INFO success: gunicorn entered RUNNING state, process has stayed up for > than 1 seconds (startsecs)
2020-02-19 22:15:34,195 INFO exited: gunicorn (exit status 1; not expected)
2020-02-19 22:15:35,197 INFO spawned: 'gunicorn' with pid 30705
2020-02-19 22:15:36,392 INFO success: gunicorn entered RUNNING state, process has stayed up for > than 1 seconds (startsecs)
2020-02-19 22:15:36,392 WARN received SIGTERM indicating exit request
2020-02-19 22:15:36,392 INFO waiting for gunicorn to die
2020-02-19 22:15:36,656 WARN received SIGTERM indicating exit request
2020-02-19 22:15:36,948 INFO stopped: gunicorn (exit status 0)
2020-02-19 22:15:36,948 WARN received SIGTERM indicating exit request
2020-02-19 22:15:51,364 WARN Failed to clean up '/tmp/gunicorn-stdout---supervisor-JBhKei.log'
2020-02-19 22:15:51,366 INFO daemonizing the supervisord process
2020-02-19 22:15:51,366 INFO supervisord started with pid 30806
2020-02-19 22:15:52,367 INFO spawned: 'gunicorn' with pid 30809
2020-02-19 22:15:53,896 INFO success: gunicorn entered RUNNING state, process has stayed up for > than 1 seconds (startsecs)
2020-02-19 22:16:20,602 WARN Failed to clean up '/tmp/gunicorn-stdout---supervisor-JBhKei.log'
2020-02-19 22:16:20,604 INFO daemonizing the supervisord process
2020-02-19 22:16:20,604 INFO supervisord started with pid 30956
2020-02-19 22:16:21,606 INFO spawned: 'gunicorn' with pid 30957
2020-02-19 22:16:22,802 INFO success: gunicorn entered RUNNING state, process has stayed up for > than 1 seconds (startsecs)
2020-02-19 22:16:26,820 INFO exited: gunicorn (exit status 1; not expected)
2020-02-19 22:16:27,823 INFO spawned: 'gunicorn' with pid 30993
2020-02-19 22:16:29,018 INFO success: gunicorn entered RUNNING state, process has stayed up for > than 1 seconds (startsecs)
2020-02-19 22:16:33,036 INFO exited: gunicorn (exit status 1; not expected)
2020-02-19 22:16:34,038 INFO spawned: 'gunicorn' with pid 31038
2020-02-19 22:16:35,246 INFO success: gunicorn entered RUNNING state, process has stayed up for > than 1 seconds (startsecs)
2020-02-19 22:16:39,265 INFO exited: gunicorn (exit status 1; not expected)
2020-02-19 22:16:40,267 INFO spawned: 'gunicorn' with pid 31145
2020-02-19 22:16:41,460 INFO success: gunicorn entered RUNNING state, process has stayed up for > than 1 seconds (startsecs)
2020-02-19 22:16:45,478 INFO exited: gunicorn (exit status 1; not expected)
2020-02-19 22:16:46,481 INFO spawned: 'gunicorn' with pid 31204
2020-02-19 22:16:47,674 INFO success: gunicorn entered RUNNING state, process has stayed up for > than 1 seconds (startsecs)
2020-02-19 22:16:51,693 INFO exited: gunicorn (exit status 1; not expected)
2020-02-19 22:16:52,695 INFO spawned: 'gunicorn' with pid 31232
2020-02-19 22:16:53,890 INFO success: gunicorn entered RUNNING state, process has stayed up for > than 1 seconds (startsecs)
2020-02-19 22:16:57,908 INFO exited: gunicorn (exit status 1; not expected)
2020-02-19 22:16:58,910 INFO spawned: 'gunicorn' with pid 31261
2020-02-19 22:17:00,106 INFO success: gunicorn entered RUNNING state, process has stayed up for > than 1 seconds (startsecs)
2020-02-19 22:17:04,123 INFO exited: gunicorn (exit status 1; not expected)
2020-02-19 22:17:05,125 INFO spawned: 'gunicorn' with pid 31291
2020-02-19 22:17:06,320 INFO success: gunicorn entered RUNNING state, process has stayed up for > than 1 seconds (startsecs)
2020-02-19 22:17:10,339 INFO exited: gunicorn (exit status 1; not expected)
2020-02-19 22:17:11,341 INFO spawned: 'gunicorn' with pid 31303
2020-02-19 22:17:12,538 INFO success: gunicorn entered RUNNING state, process has stayed up for > than 1 seconds (startsecs)
2020-02-19 22:17:16,557 INFO exited: gunicorn (exit status 1; not expected)
2020-02-19 22:17:17,559 INFO spawned: 'gunicorn' with pid 31345
2020-02-19 22:17:18,762 INFO success: gunicorn entered RUNNING state, process has stayed up for > than 1 seconds (startsecs)
2020-02-19 22:17:22,781 INFO exited: gunicorn (exit status 1; not expected)
2020-02-19 22:17:23,782 INFO spawned: 'gunicorn' with pid 31373
2020-02-19 22:17:24,978 INFO success: gunicorn entered RUNNING state, process has stayed up for > than 1 seconds (startsecs)
2020-02-19 22:17:28,995 INFO exited: gunicorn (exit status 1; not expected)
2020-02-19 22:17:29,997 INFO spawned: 'gunicorn' with pid 31427
2020-02-19 22:17:31,190 INFO success: gunicorn entered RUNNING state, process has stayed up for > than 1 seconds (startsecs)
2020-02-19 22:17:35,209 INFO exited: gunicorn (exit status 1; not expected)
2020-02-19 22:17:36,211 INFO spawned: 'gunicorn' with pid 31488
2020-02-19 22:17:37,414 INFO success: gunicorn entered RUNNING state, process has stayed up for > than 1 seconds (startsecs)
2020-02-19 22:17:41,435 INFO exited: gunicorn (exit status 1; not expected)
2020-02-19 22:17:42,437 INFO spawned: 'gunicorn' with pid 31536
2020-02-19 22:17:43,629 INFO success: gunicorn entered RUNNING state, process has stayed up for > than 1 seconds (startsecs)
2020-02-19 22:17:47,650 INFO exited: gunicorn (exit status 1; not expected)
2020-02-19 22:17:48,651 INFO spawned: 'gunicorn' with pid 31567
2020-02-19 22:17:49,849 INFO success: gunicorn entered RUNNING state, process has stayed up for > than 1 seconds (startsecs)
2020-02-19 22:17:53,867 INFO exited: gunicorn (exit status 1; not expected)
2020-02-19 22:17:54,869 INFO spawned: 'gunicorn' with pid 31605
2020-02-19 22:17:56,063 INFO success: gunicorn entered RUNNING state, process has stayed up for > than 1 seconds (startsecs)
2020-02-19 22:18:00,082 INFO exited: gunicorn (exit status 1; not expected)
2020-02-19 22:18:01,083 INFO spawned: 'gunicorn' with pid 31624
2020-02-19 22:18:02,277 INFO success: gunicorn entered RUNNING state, process has stayed up for > than 1 seconds (startsecs)
2020-02-19 22:18:06,296 INFO exited: gunicorn (exit status 1; not expected)
2020-02-19 22:18:07,298 INFO spawned: 'gunicorn' with pid 31862
2020-02-19 22:18:08,506 INFO success: gunicorn entered RUNNING state, process has stayed up for > than 1 seconds (startsecs)
2020-02-19 22:18:12,525 INFO exited: gunicorn (exit status 1; not expected)
2020-02-19 22:18:13,527 INFO spawned: 'gunicorn' with pid 32577
2020-02-19 22:18:14,726 INFO success: gunicorn entered RUNNING state, process has stayed up for > than 1 seconds (startsecs)
2020-02-19 22:18:18,744 INFO exited: gunicorn (exit status 1; not expected)
2020-02-19 22:18:19,746 INFO spawned: 'gunicorn' with pid 32632
2020-02-19 22:18:20,939 INFO success: gunicorn entered RUNNING state, process has stayed up for > than 1 seconds (startsecs)
2020-02-19 22:18:24,959 INFO exited: gunicorn (exit status 1; not expected)
2020-02-19 22:18:25,961 INFO spawned: 'gunicorn' with pid 32763
2020-02-19 22:18:27,157 INFO success: gunicorn entered RUNNING state, process has stayed up for > than 1 seconds (startsecs)
2020-02-19 22:18:31,177 INFO exited: gunicorn (exit status 1; not expected)
2020-02-19 22:18:32,178 INFO spawned: 'gunicorn' with pid 379
2020-02-19 22:18:33,372 INFO success: gunicorn entered RUNNING state, process has stayed up for > than 1 seconds (startsecs)
2020-02-19 22:18:37,391 INFO exited: gunicorn (exit status 1; not expected)
2020-02-19 22:18:38,393 INFO spawned: 'gunicorn' with pid 421
2020-02-19 22:18:39,587 INFO success: gunicorn entered RUNNING state, process has stayed up for > than 1 seconds (startsecs)
2020-02-19 22:18:43,605 INFO exited: gunicorn (exit status 1; not expected)
2020-02-19 22:18:44,607 INFO spawned: 'gunicorn' with pid 596
2020-02-19 22:18:45,805 INFO success: gunicorn entered RUNNING state, process has stayed up for > than 1 seconds (startsecs)
2020-02-19 22:18:49,824 INFO exited: gunicorn (exit status 1; not expected)
2020-02-19 22:18:50,826 INFO spawned: 'gunicorn' with pid 754
2020-02-19 22:18:52,019 INFO success: gunicorn entered RUNNING state, process has stayed up for > than 1 seconds (startsecs)
2020-02-19 22:18:56,037 INFO exited: gunicorn (exit status 1; not expected)
2020-02-19 22:18:57,039 INFO spawned: 'gunicorn' with pid 800
2020-02-19 22:18:58,232 INFO success: gunicorn entered RUNNING state, process has stayed up for > than 1 seconds (startsecs)
2020-02-19 22:19:02,251 INFO exited: gunicorn (exit status 1; not expected)
2020-02-19 22:19:03,253 INFO spawned: 'gunicorn' with pid 814
2020-02-19 22:19:04,446 INFO success: gunicorn entered RUNNING state, process has stayed up for > than 1 seconds (startsecs)
2020-02-19 22:19:08,465 INFO exited: gunicorn (exit status 1; not expected)
2020-02-19 22:19:09,467 INFO spawned: 'gunicorn' with pid 873
2020-02-19 22:19:10,660 INFO success: gunicorn entered RUNNING state, process has stayed up for > than 1 seconds (startsecs)
2020-02-19 22:19:14,680 INFO exited: gunicorn (exit status 1; not expected)
2020-02-19 22:19:15,682 INFO spawned: 'gunicorn' with pid 904
2020-02-19 22:19:16,874 INFO success: gunicorn entered RUNNING state, process has stayed up for > than 1 seconds (startsecs)
2020-02-19 22:19:20,893 INFO exited: gunicorn (exit status 1; not expected)
2020-02-19 22:19:21,895 INFO spawned: 'gunicorn' with pid 920
2020-02-19 22:19:23,106 INFO success: gunicorn entered RUNNING state, process has stayed up for > than 1 seconds (startsecs)
2020-02-19 22:19:27,125 INFO exited: gunicorn (exit status 1; not expected)
2020-02-19 22:19:28,127 INFO spawned: 'gunicorn' with pid 965
2020-02-19 22:19:29,332 INFO success: gunicorn entered RUNNING state, process has stayed up for > than 1 seconds (startsecs)
2020-02-19 22:19:33,351 INFO exited: gunicorn (exit status 1; not expected)
2020-02-19 22:19:34,353 INFO spawned: 'gunicorn' with pid 1010
2020-02-19 22:19:35,548 INFO success: gunicorn entered RUNNING state, process has stayed up for > than 1 seconds (startsecs)
2020-02-19 22:19:39,566 INFO exited: gunicorn (exit status 1; not expected)
2020-02-19 22:19:40,568 INFO spawned: 'gunicorn' with pid 1030
2020-02-19 22:19:41,788 INFO success: gunicorn entered RUNNING state, process has stayed up for > than 1 seconds (startsecs)
2020-02-19 22:19:45,806 INFO exited: gunicorn (exit status 1; not expected)
2020-02-19 22:19:46,808 INFO spawned: 'gunicorn' with pid 1080
2020-02-19 22:19:48,004 INFO success: gunicorn entered RUNNING state, process has stayed up for > than 1 seconds (startsecs)
2020-02-19 22:19:52,022 INFO exited: gunicorn (exit status 1; not expected)
2020-02-19 22:19:53,024 INFO spawned: 'gunicorn' with pid 1112
2020-02-19 22:19:54,221 INFO success: gunicorn entered RUNNING state, process has stayed up for > than 1 seconds (startsecs)
2020-02-19 22:19:58,240 INFO exited: gunicorn (exit status 1; not expected)
2020-02-19 22:19:59,243 INFO spawned: 'gunicorn' with pid 1176
2020-02-19 22:20:00,438 INFO success: gunicorn entered RUNNING state, process has stayed up for > than 1 seconds (startsecs)
2020-02-19 22:20:04,457 INFO exited: gunicorn (exit status 1; not expected)
2020-02-19 22:20:05,459 INFO spawned: 'gunicorn' with pid 1200
2020-02-19 22:20:06,654 INFO success: gunicorn entered RUNNING state, process has stayed up for > than 1 seconds (startsecs)
2020-02-19 22:20:10,672 INFO exited: gunicorn (exit status 1; not expected)
2020-02-19 22:20:11,674 INFO spawned: 'gunicorn' with pid 1224
2020-02-19 22:20:12,870 INFO success: gunicorn entered RUNNING state, process has stayed up for > than 1 seconds (startsecs)
2020-02-19 22:20:16,889 INFO exited: gunicorn (exit status 1; not expected)
2020-02-19 22:20:17,891 INFO spawned: 'gunicorn' with pid 1388
2020-02-19 22:20:19,089 INFO success: gunicorn entered RUNNING state, process has stayed up for > than 1 seconds (startsecs)
2020-02-19 22:20:23,107 INFO exited: gunicorn (exit status 1; not expected)
2020-02-19 22:20:24,109 INFO spawned: 'gunicorn' with pid 1460
2020-02-19 22:20:25,311 INFO success: gunicorn entered RUNNING state, process has stayed up for > than 1 seconds (startsecs)
2020-02-19 22:20:29,329 INFO exited: gunicorn (exit status 1; not expected)
2020-02-19 22:20:30,331 INFO spawned: 'gunicorn' with pid 1512
2020-02-19 22:20:31,522 INFO success: gunicorn entered RUNNING state, process has stayed up for > than 1 seconds (startsecs)
2020-02-19 22:20:35,541 INFO exited: gunicorn (exit status 1; not expected)
2020-02-19 22:20:36,543 INFO spawned: 'gunicorn' with pid 1534
2020-02-19 22:20:37,734 INFO success: gunicorn entered RUNNING state, process has stayed up for > than 1 seconds (startsecs)
2020-02-19 22:20:41,753 INFO exited: gunicorn (exit status 1; not expected)
2020-02-19 22:20:42,755 INFO spawned: 'gunicorn' with pid 1565
2020-02-19 22:20:43,958 INFO success: gunicorn entered RUNNING state, process has stayed up for > than 1 seconds (startsecs)
2020-02-19 22:20:47,977 INFO exited: gunicorn (exit status 1; not expected)
2020-02-19 22:20:48,979 INFO spawned: 'gunicorn' with pid 1608
2020-02-19 22:20:50,173 INFO success: gunicorn entered RUNNING state, process has stayed up for > than 1 seconds (startsecs)
2020-02-19 22:20:54,192 INFO exited: gunicorn (exit status 1; not expected)
2020-02-19 22:20:55,194 INFO spawned: 'gunicorn' with pid 1680
2020-02-19 22:20:56,407 INFO success: gunicorn entered RUNNING state, process has stayed up for > than 1 seconds (startsecs)
2020-02-19 22:21:00,426 INFO exited: gunicorn (exit status 1; not expected)
2020-02-19 22:21:01,428 INFO spawned: 'gunicorn' with pid 1704
2020-02-19 22:21:02,623 INFO success: gunicorn entered RUNNING state, process has stayed up for > than 1 seconds (startsecs)
2020-02-19 22:21:06,641 INFO exited: gunicorn (exit status 1; not expected)
2020-02-19 22:21:07,643 INFO spawned: 'gunicorn' with pid 1732
2020-02-19 22:21:08,838 INFO success: gunicorn entered RUNNING state, process has stayed up for > than 1 seconds (startsecs)
2020-02-19 22:21:12,857 INFO exited: gunicorn (exit status 1; not expected)
2020-02-19 22:21:13,859 INFO spawned: 'gunicorn' with pid 1784
2020-02-19 22:21:15,052 INFO success: gunicorn entered RUNNING state, process has stayed up for > than 1 seconds (startsecs)
2020-02-19 22:21:19,071 INFO exited: gunicorn (exit status 1; not expected)
2020-02-19 22:21:20,073 INFO spawned: 'gunicorn' with pid 1869
2020-02-19 22:21:21,273 INFO success: gunicorn entered RUNNING state, process has stayed up for > than 1 seconds (startsecs)
2020-02-19 22:21:25,291 INFO exited: gunicorn (exit status 1; not expected)
2020-02-19 22:21:26,293 INFO spawned: 'gunicorn' with pid 1930
2020-02-19 22:21:27,488 INFO success: gunicorn entered RUNNING state, process has stayed up for > than 1 seconds (startsecs)
2020-02-19 22:21:31,507 INFO exited: gunicorn (exit status 1; not expected)
2020-02-19 22:21:32,509 INFO spawned: 'gunicorn' with pid 1952
2020-02-19 22:21:33,703 INFO success: gunicorn entered RUNNING state, process has stayed up for > than 1 seconds (startsecs)
2020-02-19 22:21:37,722 INFO exited: gunicorn (exit status 1; not expected)
2020-02-19 22:21:38,724 INFO spawned: 'gunicorn' with pid 2030
2020-02-19 22:21:39,921 INFO success: gunicorn entered RUNNING state, process has stayed up for > than 1 seconds (startsecs)
2020-02-19 22:21:43,940 INFO exited: gunicorn (exit status 1; not expected)
2020-02-19 22:21:44,942 INFO spawned: 'gunicorn' with pid 2069
2020-02-19 22:21:46,134 INFO success: gunicorn entered RUNNING state, process has stayed up for > than 1 seconds (startsecs)
2020-02-19 22:21:50,152 INFO exited: gunicorn (exit status 1; not expected)
2020-02-19 22:21:51,154 INFO spawned: 'gunicorn' with pid 2089
2020-02-19 22:21:52,347 INFO success: gunicorn entered RUNNING state, process has stayed up for > than 1 seconds (startsecs)
2020-02-19 22:21:56,365 INFO exited: gunicorn (exit status 1; not expected)
2020-02-19 22:21:57,367 INFO spawned: 'gunicorn' with pid 2168
2020-02-19 22:21:58,571 INFO success: gunicorn entered RUNNING state, process has stayed up for > than 1 seconds (startsecs)
2020-02-19 22:22:02,593 INFO exited: gunicorn (exit status 1; not expected)
2020-02-19 22:22:03,595 INFO spawned: 'gunicorn' with pid 2204
2020-02-19 22:22:04,791 INFO success: gunicorn entered RUNNING state, process has stayed up for > than 1 seconds (startsecs)
2020-02-19 22:22:08,810 INFO exited: gunicorn (exit status 1; not expected)
2020-02-19 22:22:09,811 INFO spawned: 'gunicorn' with pid 2246
2020-02-19 22:22:11,007 INFO success: gunicorn entered RUNNING state, process has stayed up for > than 1 seconds (startsecs)
2020-02-19 22:22:15,025 INFO exited: gunicorn (exit status 1; not expected)
2020-02-19 22:22:16,028 INFO spawned: 'gunicorn' with pid 2326
2020-02-19 22:22:17,220 INFO success: gunicorn entered RUNNING state, process has stayed up for > than 1 seconds (startsecs)
2020-02-19 22:22:21,239 INFO exited: gunicorn (exit status 1; not expected)
2020-02-19 22:22:22,241 INFO spawned: 'gunicorn' with pid 2406
2020-02-19 22:22:23,435 INFO success: gunicorn entered RUNNING state, process has stayed up for > than 1 seconds (startsecs)
2020-02-19 22:22:27,453 INFO exited: gunicorn (exit status 1; not expected)
2020-02-19 22:22:28,455 INFO spawned: 'gunicorn' with pid 2493
2020-02-19 22:22:29,648 INFO success: gunicorn entered RUNNING state, process has stayed up for > than 1 seconds (startsecs)
2020-02-19 22:22:33,666 INFO exited: gunicorn (exit status 1; not expected)
2020-02-19 22:22:34,668 INFO spawned: 'gunicorn' with pid 2682
2020-02-19 22:22:35,861 INFO success: gunicorn entered RUNNING state, process has stayed up for > than 1 seconds (startsecs)
2020-02-19 22:22:39,879 INFO exited: gunicorn (exit status 1; not expected)
2020-02-19 22:22:40,881 INFO spawned: 'gunicorn' with pid 2714
2020-02-19 22:22:42,075 INFO success: gunicorn entered RUNNING state, process has stayed up for > than 1 seconds (startsecs)
2020-02-19 22:22:46,094 INFO exited: gunicorn (exit status 1; not expected)
2020-02-19 22:22:47,097 INFO spawned: 'gunicorn' with pid 2739
2020-02-19 22:22:48,290 INFO success: gunicorn entered RUNNING state, process has stayed up for > than 1 seconds (startsecs)
2020-02-19 22:22:52,309 INFO exited: gunicorn (exit status 1; not expected)
2020-02-19 22:22:53,310 INFO spawned: 'gunicorn' with pid 2766
2020-02-19 22:22:54,508 INFO success: gunicorn entered RUNNING state, process has stayed up for > than 1 seconds (startsecs)
2020-02-19 22:22:58,527 INFO exited: gunicorn (exit status 1; not expected)
2020-02-19 22:22:59,529 INFO spawned: 'gunicorn' with pid 2824
2020-02-19 22:23:00,723 INFO success: gunicorn entered RUNNING state, process has stayed up for > than 1 seconds (startsecs)
2020-02-19 22:23:04,741 INFO exited: gunicorn (exit status 1; not expected)
2020-02-19 22:23:05,743 INFO spawned: 'gunicorn' with pid 2849
2020-02-19 22:23:06,942 INFO success: gunicorn entered RUNNING state, process has stayed up for > than 1 seconds (startsecs)
2020-02-19 22:23:10,960 INFO exited: gunicorn (exit status 1; not expected)
2020-02-19 22:23:11,963 INFO spawned: 'gunicorn' with pid 2870
2020-02-19 22:23:13,162 INFO success: gunicorn entered RUNNING state, process has stayed up for > than 1 seconds (startsecs)
2020-02-19 22:23:17,181 INFO exited: gunicorn (exit status 1; not expected)
2020-02-19 22:23:18,183 INFO spawned: 'gunicorn' with pid 2986
2020-02-19 22:23:19,377 INFO success: gunicorn entered RUNNING state, process has stayed up for > than 1 seconds (startsecs)
2020-02-19 22:23:23,395 INFO exited: gunicorn (exit status 1; not expected)
2020-02-19 22:23:24,397 INFO spawned: 'gunicorn' with pid 3045
2020-02-19 22:23:25,595 INFO success: gunicorn entered RUNNING state, process has stayed up for > than 1 seconds (startsecs)
2020-02-19 22:23:27,542 WARN received SIGTERM indicating exit request
2020-02-19 22:23:27,542 INFO waiting for gunicorn to die
2020-02-19 22:23:27,598 WARN received SIGTERM indicating exit request
2020-02-19 22:23:27,598 INFO waiting for gunicorn to die
2020-02-19 22:23:27,657 INFO stopped: gunicorn (exit status 0)
2020-02-19 22:23:28,149 INFO stopped: gunicorn (exit status 0)
